[debug] [2021-01-20T08:35:25.970Z] ----------------------------------------------------------------------
[debug] [2021-01-20T08:35:25.974Z] Command:       /home/gilbertlc/.nvm/versions/node/v15.5.1/bin/node /home/gilbertlc/.nvm/versions/node/v15.5.1/bin/firebase emulators:start
[debug] [2021-01-20T08:35:25.975Z] CLI Version:   9.2.0
[debug] [2021-01-20T08:35:25.975Z] Platform:      linux
[debug] [2021-01-20T08:35:25.975Z] Node Version:  v15.5.1
[debug] [2021-01-20T08:35:26.036Z] Time:          Wed Jan 20 2021 16:35:25 GMT+0800 (Philippine Standard Time)
[debug] [2021-01-20T08:35:26.036Z] ----------------------------------------------------------------------
[debug] [2021-01-20T08:35:26.037Z] 
[debug] [2021-01-20T08:35:26.082Z] > command requires scopes: ["email","openid","https://www.googleapis.com/auth/cloudplatformprojects.readonly","https://www.googleapis.com/auth/firebase","https://www.googleapis.com/auth/cloud-platform"]
[debug] [2021-01-20T08:35:26.083Z] > authorizing via signed-in user
[info] i  emulators: Starting emulators: functions, hosting {"metadata":{"emulator":{"name":"hub"},"message":"Starting emulators: functions, hosting"}}
[debug] [2021-01-20T08:35:26.118Z] [hub] writing locator at /tmp/hub-challenge-bf363.json
[warn] ⚠  functions: The following emulators are not running, calls to these services from the Functions emulator will affect production: auth, firestore, database, pubsub {"metadata":{"emulator":{"name":"functions"},"message":"The following emulators are not running, calls to these services from the Functions emulator will affect production: \u001b[1mauth, firestore, database, pubsub\u001b[22m"}}
[info] ✔  functions: Using node@15 from host. {"metadata":{"emulator":{"name":"functions"},"message":"Using node@15 from host."}}
[debug] [2021-01-20T08:35:26.158Z] defaultcredentials: writing to file /home/gilbertlc/.config/firebase/gilberlacasandile_gmail_com_application_default_credentials.json
[debug] [2021-01-20T08:35:26.171Z] Setting GAC to /home/gilbertlc/.config/firebase/gilberlacasandile_gmail_com_application_default_credentials.json {"metadata":{"emulator":{"name":"functions"},"message":"Setting GAC to /home/gilbertlc/.config/firebase/gilberlacasandile_gmail_com_application_default_credentials.json"}}
[debug] [2021-01-20T08:35:26.176Z] > refreshing access token with scopes: []
[debug] [2021-01-20T08:35:26.177Z] >>> HTTP REQUEST POST https://www.googleapis.com/oauth2/v3/token  
 <request body omitted>
[debug] [2021-01-20T08:35:26.493Z] <<< HTTP RESPONSE 200 {"pragma":"no-cache","cache-control":"no-cache, no-store, max-age=0, must-revalidate","date":"Wed, 20 Jan 2021 08:35:26 GMT","expires":"Mon, 01 Jan 1990 00:00:00 GMT","content-type":"application/json; charset=utf-8","vary":"X-Origin, Referer, Origin,Accept-Encoding","server":"scaffolding on HTTPServer2","x-xss-protection":"0","x-frame-options":"SAMEORIGIN","x-content-type-options":"nosniff","alt-svc":"h3-29=\":443\"; ma=2592000,h3-T051=\":443\"; ma=2592000,h3-Q050=\":443\"; ma=2592000,h3-Q046=\":443\"; ma=2592000,h3-Q043=\":443\"; ma=2592000,quic=\":443\"; ma=2592000; v=\"46,43\"","accept-ranges":"none","transfer-encoding":"chunked"}
[debug] [2021-01-20T08:35:26.548Z] >>> [apiv2][query] GET https://firebase.googleapis.com/v1beta1/projects/challenge-bf363/adminSdkConfig [none]
[debug] [2021-01-20T08:35:27.310Z] <<< [apiv2][status] GET https://firebase.googleapis.com/v1beta1/projects/challenge-bf363/adminSdkConfig 200
[debug] [2021-01-20T08:35:27.311Z] <<< [apiv2][body] GET https://firebase.googleapis.com/v1beta1/projects/challenge-bf363/adminSdkConfig {"projectId":"challenge-bf363","storageBucket":"challenge-bf363.appspot.com"}
[debug] [2021-01-20T08:35:27.364Z] >>> [apiv2][query] GET https://firebase.googleapis.com/v1beta1/projects/challenge-bf363/webApps/-/config [none]
[debug] [2021-01-20T08:35:28.807Z] <<< [apiv2][status] GET https://firebase.googleapis.com/v1beta1/projects/challenge-bf363/webApps/-/config 200
[debug] [2021-01-20T08:35:28.807Z] <<< [apiv2][body] GET https://firebase.googleapis.com/v1beta1/projects/challenge-bf363/webApps/-/config {"projectId":"challenge-bf363","appId":"1:847872087417:web:ad82e28702db84bdf94ba8","storageBucket":"challenge-bf363.appspot.com","apiKey":"AIzaSyAjNh2B3PmUiXVIsGp8-YmBTTXpKqXpFdQ","authDomain":"challenge-bf363.firebaseapp.com","messagingSenderId":"847872087417","measurementId":"G-H648M3BGL7"}
[info] i  hosting: Serving hosting files from: build {"metadata":{"emulator":{"name":"hosting"},"message":"Serving hosting files from: \u001b[1mbuild\u001b[22m"}}
[info] ✔  hosting: Local server: http://localhost:5000 {"metadata":{"emulator":{"name":"hosting"},"message":"Local server: \u001b[4m\u001b[1mhttp://localhost:5000\u001b[22m\u001b[24m"}}
[debug] [2021-01-20T08:35:28.938Z] Ignoring unsupported arg: auto_download {"metadata":{"emulator":{"name":"ui"},"message":"Ignoring unsupported arg: auto_download"}}
[debug] [2021-01-20T08:35:28.939Z] Ignoring unsupported arg: port {"metadata":{"emulator":{"name":"ui"},"message":"Ignoring unsupported arg: port"}}
[debug] [2021-01-20T08:35:28.939Z] Starting Emulator UI with command {"binary":"node","args":["/home/gilbertlc/.cache/firebase/emulators/ui-v1.4.1/server.bundle.js"],"optionalArgs":[],"joinArgs":false} {"metadata":{"emulator":{"name":"ui"},"message":"Starting Emulator UI with command {\"binary\":\"node\",\"args\":[\"/home/gilbertlc/.cache/firebase/emulators/ui-v1.4.1/server.bundle.js\"],\"optionalArgs\":[],\"joinArgs\":false}"}}
[info] i  ui: Emulator UI logging to ui-debug.log {"metadata":{"emulator":{"name":"ui"},"message":"Emulator UI logging to \u001b[1mui-debug.log\u001b[22m"}}
[debug] [2021-01-20T08:35:29.086Z] Web / API server started at http://localhost:4000
 {"metadata":{"emulator":{"name":"ui"},"message":"Web / API server started at http://localhost:4000\n"}}
[info] i  functions: Watching "/home/gilbertlc/amazon-clone/functions" for Cloud Functions... {"metadata":{"emulator":{"name":"functions"},"message":"Watching \"/home/gilbertlc/amazon-clone/functions\" for Cloud Functions..."}}
[debug] [2021-01-20T08:35:29.219Z] [worker-pool] addWorker(~diagnostic~) {"metadata":{"emulator":{"name":"functions"},"message":"[worker-pool] addWorker(~diagnostic~)"}}
[debug] [2021-01-20T08:35:29.220Z] [worker-pool] Adding worker with key ~diagnostic~, total=1 {"metadata":{"emulator":{"name":"functions"},"message":"[worker-pool] Adding worker with key ~diagnostic~, total=1"}}
[debug] [2021-01-20T08:35:29.220Z] [worker-pool] submitWork(triggerId=) {"metadata":{"emulator":{"name":"functions"},"message":"[worker-pool] submitWork(triggerId=)"}}
[debug] [2021-01-20T08:35:29.221Z] [worker-~diagnostic~-274d4698-f808-4a67-addc-66516d37a74f]: Assigning socketPath: /tmp/fire_emu_19059.sock {"metadata":{"emulator":{"name":"functions"},"message":"[worker-~diagnostic~-274d4698-f808-4a67-addc-66516d37a74f]: Assigning socketPath: /tmp/fire_emu_19059.sock"}}
[debug] [2021-01-20T08:35:29.221Z] [worker-~diagnostic~-274d4698-f808-4a67-addc-66516d37a74f]: BUSY {"metadata":{"emulator":{"name":"functions"},"message":"[worker-~diagnostic~-274d4698-f808-4a67-addc-66516d37a74f]: BUSY"}}
[debug] [2021-01-20T08:35:29.412Z] [runtime-status] [19059] Functions runtime initialized. {"cwd":"/home/gilbertlc/amazon-clone/functions","node_version":"15.5.1"} {"metadata":{"emulator":{"name":"functions"},"message":"[runtime-status] [19059] Functions runtime initialized. {\"cwd\":\"/home/gilbertlc/amazon-clone/functions\",\"node_version\":\"15.5.1\"}"}}
[debug] [2021-01-20T08:35:29.416Z] [runtime-status] [19059] Disabled runtime features: undefined {"metadata":{"emulator":{"name":"functions"},"message":"[runtime-status] [19059] Disabled runtime features: undefined"}}
[debug] [2021-01-20T08:35:29.418Z] [runtime-status] [19059] Resolved module firebase-admin {"declared":true,"installed":true,"version":"9.4.2","resolution":"/home/gilbertlc/amazon-clone/functions/node_modules/firebase-admin/lib/index.js"} {"metadata":{"emulator":{"name":"functions"},"message":"[runtime-status] [19059] Resolved module firebase-admin {\"declared\":true,\"installed\":true,\"version\":\"9.4.2\",\"resolution\":\"/home/gilbertlc/amazon-clone/functions/node_modules/firebase-admin/lib/index.js\"}"}}
[debug] [2021-01-20T08:35:29.421Z] [runtime-status] [19059] Resolved module firebase-functions {"declared":true,"installed":true,"version":"3.13.1","resolution":"/home/gilbertlc/amazon-clone/functions/node_modules/firebase-functions/lib/index.js"} {"metadata":{"emulator":{"name":"functions"},"message":"[runtime-status] [19059] Resolved module firebase-functions {\"declared\":true,\"installed\":true,\"version\":\"3.13.1\",\"resolution\":\"/home/gilbertlc/amazon-clone/functions/node_modules/firebase-functions/lib/index.js\"}"}}
[debug] [2021-01-20T08:35:29.461Z] [runtime-status] [19059] Resolved module firebase-functions {"declared":true,"installed":true,"version":"3.13.1","resolution":"/home/gilbertlc/amazon-clone/functions/node_modules/firebase-functions/lib/index.js"} {"metadata":{"emulator":{"name":"functions"},"message":"[runtime-status] [19059] Resolved module firebase-functions {\"declared\":true,\"installed\":true,\"version\":\"3.13.1\",\"resolution\":\"/home/gilbertlc/amazon-clone/functions/node_modules/firebase-functions/lib/index.js\"}"}}
[debug] [2021-01-20T08:35:29.465Z] [runtime-status] [19059] Outgoing network have been stubbed. [{"name":"http","status":"mocked"},{"name":"http","status":"mocked"},{"name":"https","status":"mocked"},{"name":"https","status":"mocked"},{"name":"net","status":"mocked"}] {"metadata":{"emulator":{"name":"functions"},"message":"[runtime-status] [19059] Outgoing network have been stubbed. [{\"name\":\"http\",\"status\":\"mocked\"},{\"name\":\"http\",\"status\":\"mocked\"},{\"name\":\"https\",\"status\":\"mocked\"},{\"name\":\"https\",\"status\":\"mocked\"},{\"name\":\"net\",\"status\":\"mocked\"}]"}}
[debug] [2021-01-20T08:35:29.466Z] [runtime-status] [19059] Resolved module firebase-functions {"declared":true,"installed":true,"version":"3.13.1","resolution":"/home/gilbertlc/amazon-clone/functions/node_modules/firebase-functions/lib/index.js"} {"metadata":{"emulator":{"name":"functions"},"message":"[runtime-status] [19059] Resolved module firebase-functions {\"declared\":true,\"installed\":true,\"version\":\"3.13.1\",\"resolution\":\"/home/gilbertlc/amazon-clone/functions/node_modules/firebase-functions/lib/index.js\"}"}}
[debug] [2021-01-20T08:35:29.840Z] [runtime-status] [19059] Checked functions.config() {"config":{}} {"metadata":{"emulator":{"name":"functions"},"message":"[runtime-status] [19059] Checked functions.config() {\"config\":{}}"}}
[debug] [2021-01-20T08:35:29.840Z] [runtime-status] [19059] firebase-functions has been stubbed. {"functionsResolution":{"declared":true,"installed":true,"version":"3.13.1","resolution":"/home/gilbertlc/amazon-clone/functions/node_modules/firebase-functions/lib/index.js"}} {"metadata":{"emulator":{"name":"functions"},"message":"[runtime-status] [19059] firebase-functions has been stubbed. {\"functionsResolution\":{\"declared\":true,\"installed\":true,\"version\":\"3.13.1\",\"resolution\":\"/home/gilbertlc/amazon-clone/functions/node_modules/firebase-functions/lib/index.js\"}}"}}
[debug] [2021-01-20T08:35:29.841Z] [runtime-status] [19059] Resolved module firebase-functions {"declared":true,"installed":true,"version":"3.13.1","resolution":"/home/gilbertlc/amazon-clone/functions/node_modules/firebase-functions/lib/index.js"} {"metadata":{"emulator":{"name":"functions"},"message":"[runtime-status] [19059] Resolved module firebase-functions {\"declared\":true,\"installed\":true,\"version\":\"3.13.1\",\"resolution\":\"/home/gilbertlc/amazon-clone/functions/node_modules/firebase-functions/lib/index.js\"}"}}
[debug] [2021-01-20T08:35:29.843Z] [runtime-status] [19059] Resolved module firebase-admin {"declared":true,"installed":true,"version":"9.4.2","resolution":"/home/gilbertlc/amazon-clone/functions/node_modules/firebase-admin/lib/index.js"} {"metadata":{"emulator":{"name":"functions"},"message":"[runtime-status] [19059] Resolved module firebase-admin {\"declared\":true,\"installed\":true,\"version\":\"9.4.2\",\"resolution\":\"/home/gilbertlc/amazon-clone/functions/node_modules/firebase-admin/lib/index.js\"}"}}
[debug] [2021-01-20T08:35:29.845Z] [runtime-status] [19059] Resolved module firebase-functions {"declared":true,"installed":true,"version":"3.13.1","resolution":"/home/gilbertlc/amazon-clone/functions/node_modules/firebase-functions/lib/index.js"} {"metadata":{"emulator":{"name":"functions"},"message":"[runtime-status] [19059] Resolved module firebase-functions {\"declared\":true,\"installed\":true,\"version\":\"3.13.1\",\"resolution\":\"/home/gilbertlc/amazon-clone/functions/node_modules/firebase-functions/lib/index.js\"}"}}
[debug] [2021-01-20T08:35:29.845Z] [runtime-status] [19059] firebase-admin has been stubbed. {"adminResolution":{"declared":true,"installed":true,"version":"9.4.2","resolution":"/home/gilbertlc/amazon-clone/functions/node_modules/firebase-admin/lib/index.js"}} {"metadata":{"emulator":{"name":"functions"},"message":"[runtime-status] [19059] firebase-admin has been stubbed. {\"adminResolution\":{\"declared\":true,\"installed\":true,\"version\":\"9.4.2\",\"resolution\":\"/home/gilbertlc/amazon-clone/functions/node_modules/firebase-admin/lib/index.js\"}}"}}
[info] ✔  functions[api]: http function initialized (http://localhost:5001/challenge-bf363/us-central1/api). {"metadata":{"emulator":{"name":"functions"},"message":"\u001b[1mhttp\u001b[22m function initialized (http://localhost:5001/challenge-bf363/us-central1/api)."}}
[info] 
┌─────────────────────────────────────────────────────────────┐
│ ✔  All emulators ready! It is now safe to connect your app. │
│ i  View Emulator UI at http://localhost:4000                │
└─────────────────────────────────────────────────────────────┘

┌───────────┬────────────────┬─────────────────────────────────┐
│ Emulator  │ Host:Port      │ View in Emulator UI             │
├───────────┼────────────────┼─────────────────────────────────┤
│ Functions │ localhost:5001 │ http://localhost:4000/functions │
├───────────┼────────────────┼─────────────────────────────────┤
│ Hosting   │ localhost:5000 │ n/a                             │
└───────────┴────────────────┴─────────────────────────────────┘
  Emulator Hub running at localhost:4400
  Other reserved ports: 4500

Issues? Report them at https://github.com/firebase/firebase-tools/issues and attach the *-debug.log files.
 
[debug] [2021-01-20T08:35:31.086Z] [worker-~diagnostic~-274d4698-f808-4a67-addc-66516d37a74f]: IDLE {"metadata":{"emulator":{"name":"functions"},"message":"[worker-~diagnostic~-274d4698-f808-4a67-addc-66516d37a74f]: IDLE"}}
[debug] [2021-01-20T08:41:39.125Z] [work-queue] {"queueLength":1,"workRunningCount":0}
[debug] [2021-01-20T08:41:39.126Z] [work-queue] {"queueLength":0,"workRunningCount":1}
[debug] [2021-01-20T08:41:39.127Z] Accepted request GET /challenge-bf363/us-central1/api --> api
[debug] [2021-01-20T08:41:39.137Z] [worker-pool] addWorker(api) {"metadata":{"emulator":{"name":"functions"},"message":"[worker-pool] addWorker(api)"}}
[debug] [2021-01-20T08:41:39.137Z] [worker-pool] Adding worker with key api, total=1 {"metadata":{"emulator":{"name":"functions"},"message":"[worker-pool] Adding worker with key api, total=1"}}
[debug] [2021-01-20T08:41:39.138Z] [worker-pool] submitWork(triggerId=api) {"metadata":{"emulator":{"name":"functions"},"message":"[worker-pool] submitWork(triggerId=api)"}}
[debug] [2021-01-20T08:41:39.138Z] [worker-api-de6787f9-97cc-4be4-8687-5403e0c0832d]: Assigning socketPath: /tmp/fire_emu_23747.sock {"metadata":{"emulator":{"name":"functions"},"message":"[worker-api-de6787f9-97cc-4be4-8687-5403e0c0832d]: Assigning socketPath: /tmp/fire_emu_23747.sock"}}
[debug] [2021-01-20T08:41:39.138Z] [worker-api-de6787f9-97cc-4be4-8687-5403e0c0832d]: BUSY {"metadata":{"emulator":{"name":"functions"},"message":"[worker-api-de6787f9-97cc-4be4-8687-5403e0c0832d]: BUSY"}}
[debug] [2021-01-20T08:41:39.362Z] [runtime-status] [23747] Functions runtime initialized. {"cwd":"/home/gilbertlc/amazon-clone/functions","node_version":"15.5.1"} {"metadata":{"emulator":{"name":"functions"},"function":{"name":"api"},"message":"[runtime-status] [23747] Functions runtime initialized. {\"cwd\":\"/home/gilbertlc/amazon-clone/functions\",\"node_version\":\"15.5.1\"}"}}
[debug] [2021-01-20T08:41:39.366Z] [runtime-status] [23747] Disabled runtime features: undefined {"metadata":{"emulator":{"name":"functions"},"function":{"name":"api"},"message":"[runtime-status] [23747] Disabled runtime features: undefined"}}
[debug] [2021-01-20T08:41:39.372Z] [runtime-status] [23747] Resolved module firebase-admin {"declared":true,"installed":true,"version":"9.4.2","resolution":"/home/gilbertlc/amazon-clone/functions/node_modules/firebase-admin/lib/index.js"} {"metadata":{"emulator":{"name":"functions"},"function":{"name":"api"},"message":"[runtime-status] [23747] Resolved module firebase-admin {\"declared\":true,\"installed\":true,\"version\":\"9.4.2\",\"resolution\":\"/home/gilbertlc/amazon-clone/functions/node_modules/firebase-admin/lib/index.js\"}"}}
[debug] [2021-01-20T08:41:39.381Z] [runtime-status] [23747] Resolved module firebase-functions {"declared":true,"installed":true,"version":"3.13.1","resolution":"/home/gilbertlc/amazon-clone/functions/node_modules/firebase-functions/lib/index.js"} {"metadata":{"emulator":{"name":"functions"},"function":{"name":"api"},"message":"[runtime-status] [23747] Resolved module firebase-functions {\"declared\":true,\"installed\":true,\"version\":\"3.13.1\",\"resolution\":\"/home/gilbertlc/amazon-clone/functions/node_modules/firebase-functions/lib/index.js\"}"}}
[debug] [2021-01-20T08:41:39.381Z] [runtime-status] [23747] Resolved module firebase-functions {"declared":true,"installed":true,"version":"3.13.1","resolution":"/home/gilbertlc/amazon-clone/functions/node_modules/firebase-functions/lib/index.js"} {"metadata":{"emulator":{"name":"functions"},"function":{"name":"api"},"message":"[runtime-status] [23747] Resolved module firebase-functions {\"declared\":true,\"installed\":true,\"version\":\"3.13.1\",\"resolution\":\"/home/gilbertlc/amazon-clone/functions/node_modules/firebase-functions/lib/index.js\"}"}}
[debug] [2021-01-20T08:41:39.387Z] [runtime-status] [23747] Outgoing network have been stubbed. [{"name":"http","status":"mocked"},{"name":"http","status":"mocked"},{"name":"https","status":"mocked"},{"name":"https","status":"mocked"},{"name":"net","status":"mocked"}] {"metadata":{"emulator":{"name":"functions"},"function":{"name":"api"},"message":"[runtime-status] [23747] Outgoing network have been stubbed. [{\"name\":\"http\",\"status\":\"mocked\"},{\"name\":\"http\",\"status\":\"mocked\"},{\"name\":\"https\",\"status\":\"mocked\"},{\"name\":\"https\",\"status\":\"mocked\"},{\"name\":\"net\",\"status\":\"mocked\"}]"}}
[debug] [2021-01-20T08:41:39.388Z] [runtime-status] [23747] Resolved module firebase-functions {"declared":true,"installed":true,"version":"3.13.1","resolution":"/home/gilbertlc/amazon-clone/functions/node_modules/firebase-functions/lib/index.js"} {"metadata":{"emulator":{"name":"functions"},"function":{"name":"api"},"message":"[runtime-status] [23747] Resolved module firebase-functions {\"declared\":true,\"installed\":true,\"version\":\"3.13.1\",\"resolution\":\"/home/gilbertlc/amazon-clone/functions/node_modules/firebase-functions/lib/index.js\"}"}}
[debug] [2021-01-20T08:41:39.451Z] [runtime-status] [23747] Checked functions.config() {"config":{}} {"metadata":{"emulator":{"name":"functions"},"function":{"name":"api"},"message":"[runtime-status] [23747] Checked functions.config() {\"config\":{}}"}}
[debug] [2021-01-20T08:41:39.452Z] [runtime-status] [23747] firebase-functions has been stubbed. {"functionsResolution":{"declared":true,"installed":true,"version":"3.13.1","resolution":"/home/gilbertlc/amazon-clone/functions/node_modules/firebase-functions/lib/index.js"}} {"metadata":{"emulator":{"name":"functions"},"function":{"name":"api"},"message":"[runtime-status] [23747] firebase-functions has been stubbed. {\"functionsResolution\":{\"declared\":true,\"installed\":true,\"version\":\"3.13.1\",\"resolution\":\"/home/gilbertlc/amazon-clone/functions/node_modules/firebase-functions/lib/index.js\"}}"}}
[debug] [2021-01-20T08:41:39.453Z] [runtime-status] [23747] Resolved module firebase-functions {"declared":true,"installed":true,"version":"3.13.1","resolution":"/home/gilbertlc/amazon-clone/functions/node_modules/firebase-functions/lib/index.js"} {"metadata":{"emulator":{"name":"functions"},"function":{"name":"api"},"message":"[runtime-status] [23747] Resolved module firebase-functions {\"declared\":true,\"installed\":true,\"version\":\"3.13.1\",\"resolution\":\"/home/gilbertlc/amazon-clone/functions/node_modules/firebase-functions/lib/index.js\"}"}}
[debug] [2021-01-20T08:41:39.454Z] [runtime-status] [23747] Resolved module firebase-admin {"declared":true,"installed":true,"version":"9.4.2","resolution":"/home/gilbertlc/amazon-clone/functions/node_modules/firebase-admin/lib/index.js"} {"metadata":{"emulator":{"name":"functions"},"function":{"name":"api"},"message":"[runtime-status] [23747] Resolved module firebase-admin {\"declared\":true,\"installed\":true,\"version\":\"9.4.2\",\"resolution\":\"/home/gilbertlc/amazon-clone/functions/node_modules/firebase-admin/lib/index.js\"}"}}
[debug] [2021-01-20T08:41:39.456Z] [runtime-status] [23747] Resolved module firebase-functions {"declared":true,"installed":true,"version":"3.13.1","resolution":"/home/gilbertlc/amazon-clone/functions/node_modules/firebase-functions/lib/index.js"} {"metadata":{"emulator":{"name":"functions"},"function":{"name":"api"},"message":"[runtime-status] [23747] Resolved module firebase-functions {\"declared\":true,\"installed\":true,\"version\":\"3.13.1\",\"resolution\":\"/home/gilbertlc/amazon-clone/functions/node_modules/firebase-functions/lib/index.js\"}"}}
[debug] [2021-01-20T08:41:39.456Z] [runtime-status] [23747] firebase-admin has been stubbed. {"adminResolution":{"declared":true,"installed":true,"version":"9.4.2","resolution":"/home/gilbertlc/amazon-clone/functions/node_modules/firebase-admin/lib/index.js"}} {"metadata":{"emulator":{"name":"functions"},"function":{"name":"api"},"message":"[runtime-status] [23747] firebase-admin has been stubbed. {\"adminResolution\":{\"declared\":true,\"installed\":true,\"version\":\"9.4.2\",\"resolution\":\"/home/gilbertlc/amazon-clone/functions/node_modules/firebase-admin/lib/index.js\"}}"}}
[debug] [2021-01-20T08:41:39.606Z] [runtime-status] [23747] Trigger "api" has been found, beginning invocation! {"metadata":{"emulator":{"name":"functions"},"function":{"name":"api"},"message":"[runtime-status] [23747] Trigger \"api\" has been found, beginning invocation!"}}
[info] i  functions: Beginning execution of "api" {"metadata":{"emulator":{"name":"functions"},"function":{"name":"api"},"message":"Beginning execution of \"api\""}}
[debug] [2021-01-20T08:41:39.609Z] [runtime-status] [23747] triggerDefinition {"httpsTrigger":{},"name":"api","entryPoint":"api"} {"metadata":{"emulator":{"name":"functions"},"function":{"name":"api"},"message":"[runtime-status] [23747] triggerDefinition {\"httpsTrigger\":{},\"name\":\"api\",\"entryPoint\":\"api\"}"}}
[debug] [2021-01-20T08:41:39.609Z] [runtime-status] [23747] Running api in mode HTTPS {"metadata":{"emulator":{"name":"functions"},"function":{"name":"api"},"message":"[runtime-status] [23747] Running api in mode HTTPS"}}
[debug] [2021-01-20T08:41:39.617Z] [runtime-status] [23747] Attempting to listen to socketPath: /tmp/fire_emu_23747.sock {"metadata":{"emulator":{"name":"functions"},"function":{"name":"api"},"message":"[runtime-status] [23747] Attempting to listen to socketPath: /tmp/fire_emu_23747.sock"}}
[debug] [2021-01-20T08:41:39.622Z] [functions] Runtime ready! Sending request! {"metadata":{"emulator":{"name":"functions"},"message":"[functions] Runtime ready! Sending request!"}}
[debug] [2021-01-20T08:41:39.626Z] [functions] Got req.url=/challenge-bf363/us-central1/api, mapping to path= {"metadata":{"emulator":{"name":"functions"},"message":"[functions] Got req.url=/challenge-bf363/us-central1/api, mapping to path="}}
[debug] [2021-01-20T08:41:39.661Z] [runtime-status] [23747] Ephemeral server handling GET request {"metadata":{"emulator":{"name":"functions"},"function":{"name":"api"},"message":"[runtime-status] [23747] Ephemeral server handling GET request"}}
[debug] [2021-01-20T08:41:39.678Z] [runtime-status] [23747] Ephemeral server survived. {"metadata":{"emulator":{"name":"functions"},"function":{"name":"api"},"message":"[runtime-status] [23747] Ephemeral server survived."}}
[info] i  functions: Finished "api" in ~1s {"metadata":{"emulator":{"name":"functions"},"function":{"name":"api"},"message":"Finished \"api\" in ~1s"}}
[debug] [2021-01-20T08:41:39.689Z] [worker-api-de6787f9-97cc-4be4-8687-5403e0c0832d]: IDLE {"metadata":{"emulator":{"name":"functions"},"message":"[worker-api-de6787f9-97cc-4be4-8687-5403e0c0832d]: IDLE"}}
[debug] [2021-01-20T08:41:39.689Z] [work-queue] {"queueLength":0,"workRunningCount":0}
[debug] [2021-01-20T08:41:39.955Z] Functions emulator received unknown request at path /favicon.ico
[debug] [2021-01-20T08:53:43.390Z] File /home/gilbertlc/amazon-clone/functions/index.js changed, reloading triggers {"metadata":{"emulator":{"name":"functions"},"message":"File /home/gilbertlc/amazon-clone/functions/index.js changed, reloading triggers"}}
[debug] [2021-01-20T08:53:44.392Z] [worker-pool] Shutting down IDLE worker (~diagnostic~) {"metadata":{"emulator":{"name":"functions"},"message":"[worker-pool] Shutting down IDLE worker (~diagnostic~)"}}
[debug] [2021-01-20T08:53:44.392Z] [worker-~diagnostic~-274d4698-f808-4a67-addc-66516d37a74f]: FINISHING {"metadata":{"emulator":{"name":"functions"},"message":"[worker-~diagnostic~-274d4698-f808-4a67-addc-66516d37a74f]: FINISHING"}}
[debug] [2021-01-20T08:53:44.393Z] [worker-pool] Shutting down IDLE worker (api) {"metadata":{"emulator":{"name":"functions"},"message":"[worker-pool] Shutting down IDLE worker (api)"}}
[debug] [2021-01-20T08:53:44.393Z] [worker-api-de6787f9-97cc-4be4-8687-5403e0c0832d]: FINISHING {"metadata":{"emulator":{"name":"functions"},"message":"[worker-api-de6787f9-97cc-4be4-8687-5403e0c0832d]: FINISHING"}}
[debug] [2021-01-20T08:53:44.441Z] [worker-pool] addWorker(~diagnostic~) {"metadata":{"emulator":{"name":"functions"},"message":"[worker-pool] addWorker(~diagnostic~)"}}
[debug] [2021-01-20T08:53:44.442Z] [worker-pool] Adding worker with key ~diagnostic~, total=2 {"metadata":{"emulator":{"name":"functions"},"message":"[worker-pool] Adding worker with key ~diagnostic~, total=2"}}
[debug] [2021-01-20T08:53:44.442Z] [worker-pool] submitWork(triggerId=) {"metadata":{"emulator":{"name":"functions"},"message":"[worker-pool] submitWork(triggerId=)"}}
[debug] [2021-01-20T08:53:44.442Z] [worker-~diagnostic~-6f99430b-ff53-40a3-a003-a7401aac9ade]: Assigning socketPath: /tmp/fire_emu_24125.sock {"metadata":{"emulator":{"name":"functions"},"message":"[worker-~diagnostic~-6f99430b-ff53-40a3-a003-a7401aac9ade]: Assigning socketPath: /tmp/fire_emu_24125.sock"}}
[debug] [2021-01-20T08:53:44.442Z] [worker-~diagnostic~-6f99430b-ff53-40a3-a003-a7401aac9ade]: BUSY {"metadata":{"emulator":{"name":"functions"},"message":"[worker-~diagnostic~-6f99430b-ff53-40a3-a003-a7401aac9ade]: BUSY"}}
[debug] [2021-01-20T08:53:44.446Z] [worker-~diagnostic~-274d4698-f808-4a67-addc-66516d37a74f]: exited {"metadata":{"emulator":{"name":"functions"},"message":"[worker-~diagnostic~-274d4698-f808-4a67-addc-66516d37a74f]: exited"}}
[debug] [2021-01-20T08:53:44.446Z] [worker-~diagnostic~-274d4698-f808-4a67-addc-66516d37a74f]: FINISHED {"metadata":{"emulator":{"name":"functions"},"message":"[worker-~diagnostic~-274d4698-f808-4a67-addc-66516d37a74f]: FINISHED"}}
[debug] [2021-01-20T08:53:44.446Z] [worker-api-de6787f9-97cc-4be4-8687-5403e0c0832d]: exited {"metadata":{"emulator":{"name":"functions"},"message":"[worker-api-de6787f9-97cc-4be4-8687-5403e0c0832d]: exited"}}
[debug] [2021-01-20T08:53:44.446Z] [worker-api-de6787f9-97cc-4be4-8687-5403e0c0832d]: FINISHED {"metadata":{"emulator":{"name":"functions"},"message":"[worker-api-de6787f9-97cc-4be4-8687-5403e0c0832d]: FINISHED"}}
[debug] [2021-01-20T08:53:47.195Z] [runtime-status] [24125] Functions runtime initialized. {"cwd":"/home/gilbertlc/amazon-clone/functions","node_version":"15.5.1"} {"metadata":{"emulator":{"name":"functions"},"message":"[runtime-status] [24125] Functions runtime initialized. {\"cwd\":\"/home/gilbertlc/amazon-clone/functions\",\"node_version\":\"15.5.1\"}"}}
[debug] [2021-01-20T08:53:47.198Z] [runtime-status] [24125] Disabled runtime features: undefined {"metadata":{"emulator":{"name":"functions"},"message":"[runtime-status] [24125] Disabled runtime features: undefined"}}
[debug] [2021-01-20T08:53:47.228Z] [runtime-status] [24125] Resolved module firebase-admin {"declared":true,"installed":true,"version":"9.4.2","resolution":"/home/gilbertlc/amazon-clone/functions/node_modules/firebase-admin/lib/index.js"} {"metadata":{"emulator":{"name":"functions"},"message":"[runtime-status] [24125] Resolved module firebase-admin {\"declared\":true,\"installed\":true,\"version\":\"9.4.2\",\"resolution\":\"/home/gilbertlc/amazon-clone/functions/node_modules/firebase-admin/lib/index.js\"}"}}
[debug] [2021-01-20T08:53:47.233Z] [runtime-status] [24125] Resolved module firebase-functions {"declared":true,"installed":true,"version":"3.13.1","resolution":"/home/gilbertlc/amazon-clone/functions/node_modules/firebase-functions/lib/index.js"} {"metadata":{"emulator":{"name":"functions"},"message":"[runtime-status] [24125] Resolved module firebase-functions {\"declared\":true,\"installed\":true,\"version\":\"3.13.1\",\"resolution\":\"/home/gilbertlc/amazon-clone/functions/node_modules/firebase-functions/lib/index.js\"}"}}
[debug] [2021-01-20T08:53:47.272Z] [runtime-status] [24125] Resolved module firebase-functions {"declared":true,"installed":true,"version":"3.13.1","resolution":"/home/gilbertlc/amazon-clone/functions/node_modules/firebase-functions/lib/index.js"} {"metadata":{"emulator":{"name":"functions"},"message":"[runtime-status] [24125] Resolved module firebase-functions {\"declared\":true,\"installed\":true,\"version\":\"3.13.1\",\"resolution\":\"/home/gilbertlc/amazon-clone/functions/node_modules/firebase-functions/lib/index.js\"}"}}
[debug] [2021-01-20T08:53:47.279Z] [runtime-status] [24125] Outgoing network have been stubbed. [{"name":"http","status":"mocked"},{"name":"http","status":"mocked"},{"name":"https","status":"mocked"},{"name":"https","status":"mocked"},{"name":"net","status":"mocked"}] {"metadata":{"emulator":{"name":"functions"},"message":"[runtime-status] [24125] Outgoing network have been stubbed. [{\"name\":\"http\",\"status\":\"mocked\"},{\"name\":\"http\",\"status\":\"mocked\"},{\"name\":\"https\",\"status\":\"mocked\"},{\"name\":\"https\",\"status\":\"mocked\"},{\"name\":\"net\",\"status\":\"mocked\"}]"}}
[debug] [2021-01-20T08:53:47.281Z] [runtime-status] [24125] Resolved module firebase-functions {"declared":true,"installed":true,"version":"3.13.1","resolution":"/home/gilbertlc/amazon-clone/functions/node_modules/firebase-functions/lib/index.js"} {"metadata":{"emulator":{"name":"functions"},"message":"[runtime-status] [24125] Resolved module firebase-functions {\"declared\":true,\"installed\":true,\"version\":\"3.13.1\",\"resolution\":\"/home/gilbertlc/amazon-clone/functions/node_modules/firebase-functions/lib/index.js\"}"}}
[debug] [2021-01-20T08:53:47.880Z] [runtime-status] [24125] Checked functions.config() {"config":{}} {"metadata":{"emulator":{"name":"functions"},"message":"[runtime-status] [24125] Checked functions.config() {\"config\":{}}"}}
[debug] [2021-01-20T08:53:47.880Z] [runtime-status] [24125] firebase-functions has been stubbed. {"functionsResolution":{"declared":true,"installed":true,"version":"3.13.1","resolution":"/home/gilbertlc/amazon-clone/functions/node_modules/firebase-functions/lib/index.js"}} {"metadata":{"emulator":{"name":"functions"},"message":"[runtime-status] [24125] firebase-functions has been stubbed. {\"functionsResolution\":{\"declared\":true,\"installed\":true,\"version\":\"3.13.1\",\"resolution\":\"/home/gilbertlc/amazon-clone/functions/node_modules/firebase-functions/lib/index.js\"}}"}}
[debug] [2021-01-20T08:53:47.881Z] [runtime-status] [24125] Resolved module firebase-functions {"declared":true,"installed":true,"version":"3.13.1","resolution":"/home/gilbertlc/amazon-clone/functions/node_modules/firebase-functions/lib/index.js"} {"metadata":{"emulator":{"name":"functions"},"message":"[runtime-status] [24125] Resolved module firebase-functions {\"declared\":true,\"installed\":true,\"version\":\"3.13.1\",\"resolution\":\"/home/gilbertlc/amazon-clone/functions/node_modules/firebase-functions/lib/index.js\"}"}}
[debug] [2021-01-20T08:53:47.883Z] [runtime-status] [24125] Resolved module firebase-admin {"declared":true,"installed":true,"version":"9.4.2","resolution":"/home/gilbertlc/amazon-clone/functions/node_modules/firebase-admin/lib/index.js"} {"metadata":{"emulator":{"name":"functions"},"message":"[runtime-status] [24125] Resolved module firebase-admin {\"declared\":true,\"installed\":true,\"version\":\"9.4.2\",\"resolution\":\"/home/gilbertlc/amazon-clone/functions/node_modules/firebase-admin/lib/index.js\"}"}}
[debug] [2021-01-20T08:53:47.889Z] [runtime-status] [24125] Resolved module firebase-functions {"declared":true,"installed":true,"version":"3.13.1","resolution":"/home/gilbertlc/amazon-clone/functions/node_modules/firebase-functions/lib/index.js"} {"metadata":{"emulator":{"name":"functions"},"message":"[runtime-status] [24125] Resolved module firebase-functions {\"declared\":true,\"installed\":true,\"version\":\"3.13.1\",\"resolution\":\"/home/gilbertlc/amazon-clone/functions/node_modules/firebase-functions/lib/index.js\"}"}}
[debug] [2021-01-20T08:53:47.889Z] [runtime-status] [24125] firebase-admin has been stubbed. {"adminResolution":{"declared":true,"installed":true,"version":"9.4.2","resolution":"/home/gilbertlc/amazon-clone/functions/node_modules/firebase-admin/lib/index.js"}} {"metadata":{"emulator":{"name":"functions"},"message":"[runtime-status] [24125] firebase-admin has been stubbed. {\"adminResolution\":{\"declared\":true,\"installed\":true,\"version\":\"9.4.2\",\"resolution\":\"/home/gilbertlc/amazon-clone/functions/node_modules/firebase-admin/lib/index.js\"}}"}}
[debug] [2021-01-20T08:53:50.002Z] [worker-~diagnostic~-6f99430b-ff53-40a3-a003-a7401aac9ade]: IDLE {"metadata":{"emulator":{"name":"functions"},"message":"[worker-~diagnostic~-6f99430b-ff53-40a3-a003-a7401aac9ade]: IDLE"}}
[debug] [2021-01-20T08:57:10.960Z] [work-queue] {"queueLength":1,"workRunningCount":0}
[debug] [2021-01-20T08:57:10.961Z] [work-queue] {"queueLength":0,"workRunningCount":1}
[debug] [2021-01-20T08:57:10.961Z] Accepted request POST /challenge-bf363/us-central1/api/payments/create?total=25096 --> api
[debug] [2021-01-20T08:57:10.961Z] [worker-pool] Cleaned up workers for ~diagnostic~: 2 --> 1 {"metadata":{"emulator":{"name":"functions"},"message":"[worker-pool] Cleaned up workers for ~diagnostic~: 2 --> 1"}}
[debug] [2021-01-20T08:57:10.961Z] [worker-pool] Cleaned up workers for api: 1 --> 0 {"metadata":{"emulator":{"name":"functions"},"message":"[worker-pool] Cleaned up workers for api: 1 --> 0"}}
[debug] [2021-01-20T08:57:10.971Z] [worker-pool] addWorker(api) {"metadata":{"emulator":{"name":"functions"},"message":"[worker-pool] addWorker(api)"}}
[debug] [2021-01-20T08:57:10.972Z] [worker-pool] Adding worker with key api, total=1 {"metadata":{"emulator":{"name":"functions"},"message":"[worker-pool] Adding worker with key api, total=1"}}
[debug] [2021-01-20T08:57:10.972Z] [worker-pool] submitWork(triggerId=api) {"metadata":{"emulator":{"name":"functions"},"message":"[worker-pool] submitWork(triggerId=api)"}}
[debug] [2021-01-20T08:57:10.973Z] [worker-api-a48a1671-ea8b-4244-aa1e-9d4765a58bc9]: Assigning socketPath: /tmp/fire_emu_24269.sock {"metadata":{"emulator":{"name":"functions"},"message":"[worker-api-a48a1671-ea8b-4244-aa1e-9d4765a58bc9]: Assigning socketPath: /tmp/fire_emu_24269.sock"}}
[debug] [2021-01-20T08:57:10.973Z] [worker-api-a48a1671-ea8b-4244-aa1e-9d4765a58bc9]: BUSY {"metadata":{"emulator":{"name":"functions"},"message":"[worker-api-a48a1671-ea8b-4244-aa1e-9d4765a58bc9]: BUSY"}}
[debug] [2021-01-20T08:57:11.164Z] [runtime-status] [24269] Functions runtime initialized. {"cwd":"/home/gilbertlc/amazon-clone/functions","node_version":"15.5.1"} {"metadata":{"emulator":{"name":"functions"},"function":{"name":"api"},"message":"[runtime-status] [24269] Functions runtime initialized. {\"cwd\":\"/home/gilbertlc/amazon-clone/functions\",\"node_version\":\"15.5.1\"}"}}
[debug] [2021-01-20T08:57:11.167Z] [runtime-status] [24269] Disabled runtime features: undefined {"metadata":{"emulator":{"name":"functions"},"function":{"name":"api"},"message":"[runtime-status] [24269] Disabled runtime features: undefined"}}
[debug] [2021-01-20T08:57:11.170Z] [runtime-status] [24269] Resolved module firebase-admin {"declared":true,"installed":true,"version":"9.4.2","resolution":"/home/gilbertlc/amazon-clone/functions/node_modules/firebase-admin/lib/index.js"} {"metadata":{"emulator":{"name":"functions"},"function":{"name":"api"},"message":"[runtime-status] [24269] Resolved module firebase-admin {\"declared\":true,\"installed\":true,\"version\":\"9.4.2\",\"resolution\":\"/home/gilbertlc/amazon-clone/functions/node_modules/firebase-admin/lib/index.js\"}"}}
[debug] [2021-01-20T08:57:11.171Z] [runtime-status] [24269] Resolved module firebase-functions {"declared":true,"installed":true,"version":"3.13.1","resolution":"/home/gilbertlc/amazon-clone/functions/node_modules/firebase-functions/lib/index.js"} {"metadata":{"emulator":{"name":"functions"},"function":{"name":"api"},"message":"[runtime-status] [24269] Resolved module firebase-functions {\"declared\":true,\"installed\":true,\"version\":\"3.13.1\",\"resolution\":\"/home/gilbertlc/amazon-clone/functions/node_modules/firebase-functions/lib/index.js\"}"}}
[debug] [2021-01-20T08:57:11.172Z] [runtime-status] [24269] Resolved module firebase-functions {"declared":true,"installed":true,"version":"3.13.1","resolution":"/home/gilbertlc/amazon-clone/functions/node_modules/firebase-functions/lib/index.js"} {"metadata":{"emulator":{"name":"functions"},"function":{"name":"api"},"message":"[runtime-status] [24269] Resolved module firebase-functions {\"declared\":true,\"installed\":true,\"version\":\"3.13.1\",\"resolution\":\"/home/gilbertlc/amazon-clone/functions/node_modules/firebase-functions/lib/index.js\"}"}}
[debug] [2021-01-20T08:57:11.175Z] [runtime-status] [24269] Outgoing network have been stubbed. [{"name":"http","status":"mocked"},{"name":"http","status":"mocked"},{"name":"https","status":"mocked"},{"name":"https","status":"mocked"},{"name":"net","status":"mocked"}] {"metadata":{"emulator":{"name":"functions"},"function":{"name":"api"},"message":"[runtime-status] [24269] Outgoing network have been stubbed. [{\"name\":\"http\",\"status\":\"mocked\"},{\"name\":\"http\",\"status\":\"mocked\"},{\"name\":\"https\",\"status\":\"mocked\"},{\"name\":\"https\",\"status\":\"mocked\"},{\"name\":\"net\",\"status\":\"mocked\"}]"}}
[debug] [2021-01-20T08:57:11.177Z] [runtime-status] [24269] Resolved module firebase-functions {"declared":true,"installed":true,"version":"3.13.1","resolution":"/home/gilbertlc/amazon-clone/functions/node_modules/firebase-functions/lib/index.js"} {"metadata":{"emulator":{"name":"functions"},"function":{"name":"api"},"message":"[runtime-status] [24269] Resolved module firebase-functions {\"declared\":true,\"installed\":true,\"version\":\"3.13.1\",\"resolution\":\"/home/gilbertlc/amazon-clone/functions/node_modules/firebase-functions/lib/index.js\"}"}}
[debug] [2021-01-20T08:57:11.239Z] [runtime-status] [24269] Checked functions.config() {"config":{}} {"metadata":{"emulator":{"name":"functions"},"function":{"name":"api"},"message":"[runtime-status] [24269] Checked functions.config() {\"config\":{}}"}}
[debug] [2021-01-20T08:57:11.240Z] [runtime-status] [24269] firebase-functions has been stubbed. {"functionsResolution":{"declared":true,"installed":true,"version":"3.13.1","resolution":"/home/gilbertlc/amazon-clone/functions/node_modules/firebase-functions/lib/index.js"}} {"metadata":{"emulator":{"name":"functions"},"function":{"name":"api"},"message":"[runtime-status] [24269] firebase-functions has been stubbed. {\"functionsResolution\":{\"declared\":true,\"installed\":true,\"version\":\"3.13.1\",\"resolution\":\"/home/gilbertlc/amazon-clone/functions/node_modules/firebase-functions/lib/index.js\"}}"}}
[debug] [2021-01-20T08:57:11.241Z] [runtime-status] [24269] Resolved module firebase-functions {"declared":true,"installed":true,"version":"3.13.1","resolution":"/home/gilbertlc/amazon-clone/functions/node_modules/firebase-functions/lib/index.js"} {"metadata":{"emulator":{"name":"functions"},"function":{"name":"api"},"message":"[runtime-status] [24269] Resolved module firebase-functions {\"declared\":true,\"installed\":true,\"version\":\"3.13.1\",\"resolution\":\"/home/gilbertlc/amazon-clone/functions/node_modules/firebase-functions/lib/index.js\"}"}}
[debug] [2021-01-20T08:57:11.244Z] [runtime-status] [24269] Resolved module firebase-admin {"declared":true,"installed":true,"version":"9.4.2","resolution":"/home/gilbertlc/amazon-clone/functions/node_modules/firebase-admin/lib/index.js"} {"metadata":{"emulator":{"name":"functions"},"function":{"name":"api"},"message":"[runtime-status] [24269] Resolved module firebase-admin {\"declared\":true,\"installed\":true,\"version\":\"9.4.2\",\"resolution\":\"/home/gilbertlc/amazon-clone/functions/node_modules/firebase-admin/lib/index.js\"}"}}
[debug] [2021-01-20T08:57:11.246Z] [runtime-status] [24269] Resolved module firebase-functions {"declared":true,"installed":true,"version":"3.13.1","resolution":"/home/gilbertlc/amazon-clone/functions/node_modules/firebase-functions/lib/index.js"} {"metadata":{"emulator":{"name":"functions"},"function":{"name":"api"},"message":"[runtime-status] [24269] Resolved module firebase-functions {\"declared\":true,\"installed\":true,\"version\":\"3.13.1\",\"resolution\":\"/home/gilbertlc/amazon-clone/functions/node_modules/firebase-functions/lib/index.js\"}"}}
[debug] [2021-01-20T08:57:11.250Z] [runtime-status] [24269] firebase-admin has been stubbed. {"adminResolution":{"declared":true,"installed":true,"version":"9.4.2","resolution":"/home/gilbertlc/amazon-clone/functions/node_modules/firebase-admin/lib/index.js"}} {"metadata":{"emulator":{"name":"functions"},"function":{"name":"api"},"message":"[runtime-status] [24269] firebase-admin has been stubbed. {\"adminResolution\":{\"declared\":true,\"installed\":true,\"version\":\"9.4.2\",\"resolution\":\"/home/gilbertlc/amazon-clone/functions/node_modules/firebase-admin/lib/index.js\"}}"}}
[debug] [2021-01-20T08:57:11.441Z] [runtime-status] [24269] Trigger "api" has been found, beginning invocation! {"metadata":{"emulator":{"name":"functions"},"function":{"name":"api"},"message":"[runtime-status] [24269] Trigger \"api\" has been found, beginning invocation!"}}
[info] i  functions: Beginning execution of "api" {"metadata":{"emulator":{"name":"functions"},"function":{"name":"api"},"message":"Beginning execution of \"api\""}}
[debug] [2021-01-20T08:57:11.443Z] [runtime-status] [24269] triggerDefinition {"httpsTrigger":{},"name":"api","entryPoint":"api"} {"metadata":{"emulator":{"name":"functions"},"function":{"name":"api"},"message":"[runtime-status] [24269] triggerDefinition {\"httpsTrigger\":{},\"name\":\"api\",\"entryPoint\":\"api\"}"}}
[debug] [2021-01-20T08:57:11.444Z] [runtime-status] [24269] Running api in mode HTTPS {"metadata":{"emulator":{"name":"functions"},"function":{"name":"api"},"message":"[runtime-status] [24269] Running api in mode HTTPS"}}
[debug] [2021-01-20T08:57:11.451Z] [runtime-status] [24269] Attempting to listen to socketPath: /tmp/fire_emu_24269.sock {"metadata":{"emulator":{"name":"functions"},"function":{"name":"api"},"message":"[runtime-status] [24269] Attempting to listen to socketPath: /tmp/fire_emu_24269.sock"}}
[debug] [2021-01-20T08:57:11.509Z] [functions] Runtime ready! Sending request! {"metadata":{"emulator":{"name":"functions"},"message":"[functions] Runtime ready! Sending request!"}}
[debug] [2021-01-20T08:57:11.511Z] [functions] Got req.url=/challenge-bf363/us-central1/api/payments/create?total=25096, mapping to path=/payments/create?total=25096 {"metadata":{"emulator":{"name":"functions"},"message":"[functions] Got req.url=/challenge-bf363/us-central1/api/payments/create?total=25096, mapping to path=/payments/create?total=25096"}}
[debug] [2021-01-20T08:57:11.522Z] [runtime-status] [24269] Ephemeral server handling POST request {"metadata":{"emulator":{"name":"functions"},"function":{"name":"api"},"message":"[runtime-status] [24269] Ephemeral server handling POST request"}}
[info] >  Payment request received for this amount>>> 25096 {"user":"Payment request received for this amount>>> 25096","metadata":{"emulator":{"name":"functions"},"function":{"name":"api"},"message":"\u001b[90m> \u001b[39m Payment request received for this amount>>> 25096"}}
[debug] [2021-01-20T08:57:11.531Z] [runtime-status] [24269] Ephemeral server survived. {"metadata":{"emulator":{"name":"functions"},"function":{"name":"api"},"message":"[runtime-status] [24269] Ephemeral server survived."}}
[info] >  /home/gilbertlc/amazon-clone/functions/index.js:23 {"user":"/home/gilbertlc/amazon-clone/functions/index.js:23","metadata":{"emulator":{"name":"functions"},"function":{"name":"api"},"message":"\u001b[90m> \u001b[39m /home/gilbertlc/amazon-clone/functions/index.js:23"}}
[info] >    const paymentIntent = await stripe.paymentIntent.create({ {"user":"  const paymentIntent = await stripe.paymentIntent.create({","metadata":{"emulator":{"name":"functions"},"function":{"name":"api"},"message":"\u001b[90m> \u001b[39m   const paymentIntent = await stripe.paymentIntent.create({"}}
[info] >                                                     ^ {"user":"                                                   ^","metadata":{"emulator":{"name":"functions"},"function":{"name":"api"},"message":"\u001b[90m> \u001b[39m                                                    ^"}}
[info] >   {"user":"","metadata":{"emulator":{"name":"functions"},"function":{"name":"api"},"message":"\u001b[90m> \u001b[39m "}}
[info] >  TypeError: Cannot read property 'create' of undefined {"user":"TypeError: Cannot read property 'create' of undefined","metadata":{"emulator":{"name":"functions"},"function":{"name":"api"},"message":"\u001b[90m> \u001b[39m TypeError: Cannot read property 'create' of undefined"}}
[info] >      at /home/gilbertlc/amazon-clone/functions/index.js:23:52 {"user":"    at /home/gilbertlc/amazon-clone/functions/index.js:23:52","metadata":{"emulator":{"name":"functions"},"function":{"name":"api"},"message":"\u001b[90m> \u001b[39m     at /home/gilbertlc/amazon-clone/functions/index.js:23:52"}}
[info] >      at Layer.handle [as handle_request] (/home/gilbertlc/amazon-clone/functions/node_modules/express/lib/router/layer.js:95:5) {"user":"    at Layer.handle [as handle_request] (/home/gilbertlc/amazon-clone/functions/node_modules/express/lib/router/layer.js:95:5)","metadata":{"emulator":{"name":"functions"},"function":{"name":"api"},"message":"\u001b[90m> \u001b[39m     at Layer.handle [as handle_request] (/home/gilbertlc/amazon-clone/functions/node_modules/express/lib/router/layer.js:95:5)"}}
[info] >      at next (/home/gilbertlc/amazon-clone/functions/node_modules/express/lib/router/route.js:137:13) {"user":"    at next (/home/gilbertlc/amazon-clone/functions/node_modules/express/lib/router/route.js:137:13)","metadata":{"emulator":{"name":"functions"},"function":{"name":"api"},"message":"\u001b[90m> \u001b[39m     at next (/home/gilbertlc/amazon-clone/functions/node_modules/express/lib/router/route.js:137:13)"}}
[info] >      at Route.dispatch (/home/gilbertlc/amazon-clone/functions/node_modules/express/lib/router/route.js:112:3) {"user":"    at Route.dispatch (/home/gilbertlc/amazon-clone/functions/node_modules/express/lib/router/route.js:112:3)","metadata":{"emulator":{"name":"functions"},"function":{"name":"api"},"message":"\u001b[90m> \u001b[39m     at Route.dispatch (/home/gilbertlc/amazon-clone/functions/node_modules/express/lib/router/route.js:112:3)"}}
[info] >      at Layer.handle [as handle_request] (/home/gilbertlc/amazon-clone/functions/node_modules/express/lib/router/layer.js:95:5) {"user":"    at Layer.handle [as handle_request] (/home/gilbertlc/amazon-clone/functions/node_modules/express/lib/router/layer.js:95:5)","metadata":{"emulator":{"name":"functions"},"function":{"name":"api"},"message":"\u001b[90m> \u001b[39m     at Layer.handle [as handle_request] (/home/gilbertlc/amazon-clone/functions/node_modules/express/lib/router/layer.js:95:5)"}}
[info] >      at /home/gilbertlc/amazon-clone/functions/node_modules/express/lib/router/index.js:281:22 {"user":"    at /home/gilbertlc/amazon-clone/functions/node_modules/express/lib/router/index.js:281:22","metadata":{"emulator":{"name":"functions"},"function":{"name":"api"},"message":"\u001b[90m> \u001b[39m     at /home/gilbertlc/amazon-clone/functions/node_modules/express/lib/router/index.js:281:22"}}
[info] >      at Function.process_params (/home/gilbertlc/amazon-clone/functions/node_modules/express/lib/router/index.js:335:12) {"user":"    at Function.process_params (/home/gilbertlc/amazon-clone/functions/node_modules/express/lib/router/index.js:335:12)","metadata":{"emulator":{"name":"functions"},"function":{"name":"api"},"message":"\u001b[90m> \u001b[39m     at Function.process_params (/home/gilbertlc/amazon-clone/functions/node_modules/express/lib/router/index.js:335:12)"}}
[info] >      at next (/home/gilbertlc/amazon-clone/functions/node_modules/express/lib/router/index.js:275:10) {"user":"    at next (/home/gilbertlc/amazon-clone/functions/node_modules/express/lib/router/index.js:275:10)","metadata":{"emulator":{"name":"functions"},"function":{"name":"api"},"message":"\u001b[90m> \u001b[39m     at next (/home/gilbertlc/amazon-clone/functions/node_modules/express/lib/router/index.js:275:10)"}}
[info] >      at jsonParser (/home/gilbertlc/amazon-clone/functions/node_modules/body-parser/lib/types/json.js:119:7) {"user":"    at jsonParser (/home/gilbertlc/amazon-clone/functions/node_modules/body-parser/lib/types/json.js:119:7)","metadata":{"emulator":{"name":"functions"},"function":{"name":"api"},"message":"\u001b[90m> \u001b[39m     at jsonParser (/home/gilbertlc/amazon-clone/functions/node_modules/body-parser/lib/types/json.js:119:7)"}}
[info] >      at Layer.handle [as handle_request] (/home/gilbertlc/amazon-clone/functions/node_modules/express/lib/router/layer.js:95:5) {"user":"    at Layer.handle [as handle_request] (/home/gilbertlc/amazon-clone/functions/node_modules/express/lib/router/layer.js:95:5)","metadata":{"emulator":{"name":"functions"},"function":{"name":"api"},"message":"\u001b[90m> \u001b[39m     at Layer.handle [as handle_request] (/home/gilbertlc/amazon-clone/functions/node_modules/express/lib/router/layer.js:95:5)"}}
[debug] [2021-01-20T08:57:11.575Z] [worker-api-a48a1671-ea8b-4244-aa1e-9d4765a58bc9]: exited {"metadata":{"emulator":{"name":"functions"},"message":"[worker-api-a48a1671-ea8b-4244-aa1e-9d4765a58bc9]: exited"}}
[debug] [2021-01-20T08:57:11.575Z] [worker-api-a48a1671-ea8b-4244-aa1e-9d4765a58bc9]: FINISHED {"metadata":{"emulator":{"name":"functions"},"message":"[worker-api-a48a1671-ea8b-4244-aa1e-9d4765a58bc9]: FINISHED"}}
[debug] [2021-01-20T08:57:11.576Z] [work-queue] {"queueLength":0,"workRunningCount":0}
[debug] [2021-01-20T08:58:45.535Z] [work-queue] {"queueLength":1,"workRunningCount":0}
[debug] [2021-01-20T08:58:45.535Z] [work-queue] {"queueLength":0,"workRunningCount":1}
[debug] [2021-01-20T08:58:45.536Z] Accepted request POST /challenge-bf363/us-central1/api/payments/create?total=34995 --> api
[debug] [2021-01-20T08:58:45.537Z] [worker-pool] Cleaned up workers for api: 1 --> 0 {"metadata":{"emulator":{"name":"functions"},"message":"[worker-pool] Cleaned up workers for api: 1 --> 0"}}
[debug] [2021-01-20T08:58:45.555Z] [worker-pool] addWorker(api) {"metadata":{"emulator":{"name":"functions"},"message":"[worker-pool] addWorker(api)"}}
[debug] [2021-01-20T08:58:45.556Z] [worker-pool] Adding worker with key api, total=1 {"metadata":{"emulator":{"name":"functions"},"message":"[worker-pool] Adding worker with key api, total=1"}}
[debug] [2021-01-20T08:58:45.557Z] [worker-pool] submitWork(triggerId=api) {"metadata":{"emulator":{"name":"functions"},"message":"[worker-pool] submitWork(triggerId=api)"}}
[debug] [2021-01-20T08:58:45.558Z] [worker-api-a44fa123-ef6b-4399-8cc9-dfcfd299b527]: Assigning socketPath: /tmp/fire_emu_24379.sock {"metadata":{"emulator":{"name":"functions"},"message":"[worker-api-a44fa123-ef6b-4399-8cc9-dfcfd299b527]: Assigning socketPath: /tmp/fire_emu_24379.sock"}}
[debug] [2021-01-20T08:58:45.559Z] [worker-api-a44fa123-ef6b-4399-8cc9-dfcfd299b527]: BUSY {"metadata":{"emulator":{"name":"functions"},"message":"[worker-api-a44fa123-ef6b-4399-8cc9-dfcfd299b527]: BUSY"}}
[debug] [2021-01-20T08:58:45.745Z] [runtime-status] [24379] Functions runtime initialized. {"cwd":"/home/gilbertlc/amazon-clone/functions","node_version":"15.5.1"} {"metadata":{"emulator":{"name":"functions"},"function":{"name":"api"},"message":"[runtime-status] [24379] Functions runtime initialized. {\"cwd\":\"/home/gilbertlc/amazon-clone/functions\",\"node_version\":\"15.5.1\"}"}}
[debug] [2021-01-20T08:58:45.747Z] [runtime-status] [24379] Disabled runtime features: undefined {"metadata":{"emulator":{"name":"functions"},"function":{"name":"api"},"message":"[runtime-status] [24379] Disabled runtime features: undefined"}}
[debug] [2021-01-20T08:58:45.750Z] [runtime-status] [24379] Resolved module firebase-admin {"declared":true,"installed":true,"version":"9.4.2","resolution":"/home/gilbertlc/amazon-clone/functions/node_modules/firebase-admin/lib/index.js"} {"metadata":{"emulator":{"name":"functions"},"function":{"name":"api"},"message":"[runtime-status] [24379] Resolved module firebase-admin {\"declared\":true,\"installed\":true,\"version\":\"9.4.2\",\"resolution\":\"/home/gilbertlc/amazon-clone/functions/node_modules/firebase-admin/lib/index.js\"}"}}
[debug] [2021-01-20T08:58:45.752Z] [runtime-status] [24379] Resolved module firebase-functions {"declared":true,"installed":true,"version":"3.13.1","resolution":"/home/gilbertlc/amazon-clone/functions/node_modules/firebase-functions/lib/index.js"} {"metadata":{"emulator":{"name":"functions"},"function":{"name":"api"},"message":"[runtime-status] [24379] Resolved module firebase-functions {\"declared\":true,\"installed\":true,\"version\":\"3.13.1\",\"resolution\":\"/home/gilbertlc/amazon-clone/functions/node_modules/firebase-functions/lib/index.js\"}"}}
[debug] [2021-01-20T08:58:45.753Z] [runtime-status] [24379] Resolved module firebase-functions {"declared":true,"installed":true,"version":"3.13.1","resolution":"/home/gilbertlc/amazon-clone/functions/node_modules/firebase-functions/lib/index.js"} {"metadata":{"emulator":{"name":"functions"},"function":{"name":"api"},"message":"[runtime-status] [24379] Resolved module firebase-functions {\"declared\":true,\"installed\":true,\"version\":\"3.13.1\",\"resolution\":\"/home/gilbertlc/amazon-clone/functions/node_modules/firebase-functions/lib/index.js\"}"}}
[debug] [2021-01-20T08:58:45.756Z] [runtime-status] [24379] Outgoing network have been stubbed. [{"name":"http","status":"mocked"},{"name":"http","status":"mocked"},{"name":"https","status":"mocked"},{"name":"https","status":"mocked"},{"name":"net","status":"mocked"}] {"metadata":{"emulator":{"name":"functions"},"function":{"name":"api"},"message":"[runtime-status] [24379] Outgoing network have been stubbed. [{\"name\":\"http\",\"status\":\"mocked\"},{\"name\":\"http\",\"status\":\"mocked\"},{\"name\":\"https\",\"status\":\"mocked\"},{\"name\":\"https\",\"status\":\"mocked\"},{\"name\":\"net\",\"status\":\"mocked\"}]"}}
[debug] [2021-01-20T08:58:45.757Z] [runtime-status] [24379] Resolved module firebase-functions {"declared":true,"installed":true,"version":"3.13.1","resolution":"/home/gilbertlc/amazon-clone/functions/node_modules/firebase-functions/lib/index.js"} {"metadata":{"emulator":{"name":"functions"},"function":{"name":"api"},"message":"[runtime-status] [24379] Resolved module firebase-functions {\"declared\":true,\"installed\":true,\"version\":\"3.13.1\",\"resolution\":\"/home/gilbertlc/amazon-clone/functions/node_modules/firebase-functions/lib/index.js\"}"}}
[debug] [2021-01-20T08:58:45.821Z] [runtime-status] [24379] Checked functions.config() {"config":{}} {"metadata":{"emulator":{"name":"functions"},"function":{"name":"api"},"message":"[runtime-status] [24379] Checked functions.config() {\"config\":{}}"}}
[debug] [2021-01-20T08:58:45.821Z] [runtime-status] [24379] firebase-functions has been stubbed. {"functionsResolution":{"declared":true,"installed":true,"version":"3.13.1","resolution":"/home/gilbertlc/amazon-clone/functions/node_modules/firebase-functions/lib/index.js"}} {"metadata":{"emulator":{"name":"functions"},"function":{"name":"api"},"message":"[runtime-status] [24379] firebase-functions has been stubbed. {\"functionsResolution\":{\"declared\":true,\"installed\":true,\"version\":\"3.13.1\",\"resolution\":\"/home/gilbertlc/amazon-clone/functions/node_modules/firebase-functions/lib/index.js\"}}"}}
[debug] [2021-01-20T08:58:45.823Z] [runtime-status] [24379] Resolved module firebase-functions {"declared":true,"installed":true,"version":"3.13.1","resolution":"/home/gilbertlc/amazon-clone/functions/node_modules/firebase-functions/lib/index.js"} {"metadata":{"emulator":{"name":"functions"},"function":{"name":"api"},"message":"[runtime-status] [24379] Resolved module firebase-functions {\"declared\":true,\"installed\":true,\"version\":\"3.13.1\",\"resolution\":\"/home/gilbertlc/amazon-clone/functions/node_modules/firebase-functions/lib/index.js\"}"}}
[debug] [2021-01-20T08:58:45.825Z] [runtime-status] [24379] Resolved module firebase-admin {"declared":true,"installed":true,"version":"9.4.2","resolution":"/home/gilbertlc/amazon-clone/functions/node_modules/firebase-admin/lib/index.js"} {"metadata":{"emulator":{"name":"functions"},"function":{"name":"api"},"message":"[runtime-status] [24379] Resolved module firebase-admin {\"declared\":true,\"installed\":true,\"version\":\"9.4.2\",\"resolution\":\"/home/gilbertlc/amazon-clone/functions/node_modules/firebase-admin/lib/index.js\"}"}}
[debug] [2021-01-20T08:58:45.829Z] [runtime-status] [24379] Resolved module firebase-functions {"declared":true,"installed":true,"version":"3.13.1","resolution":"/home/gilbertlc/amazon-clone/functions/node_modules/firebase-functions/lib/index.js"} {"metadata":{"emulator":{"name":"functions"},"function":{"name":"api"},"message":"[runtime-status] [24379] Resolved module firebase-functions {\"declared\":true,\"installed\":true,\"version\":\"3.13.1\",\"resolution\":\"/home/gilbertlc/amazon-clone/functions/node_modules/firebase-functions/lib/index.js\"}"}}
[debug] [2021-01-20T08:58:45.830Z] [runtime-status] [24379] firebase-admin has been stubbed. {"adminResolution":{"declared":true,"installed":true,"version":"9.4.2","resolution":"/home/gilbertlc/amazon-clone/functions/node_modules/firebase-admin/lib/index.js"}} {"metadata":{"emulator":{"name":"functions"},"function":{"name":"api"},"message":"[runtime-status] [24379] firebase-admin has been stubbed. {\"adminResolution\":{\"declared\":true,\"installed\":true,\"version\":\"9.4.2\",\"resolution\":\"/home/gilbertlc/amazon-clone/functions/node_modules/firebase-admin/lib/index.js\"}}"}}
[debug] [2021-01-20T08:58:46.025Z] [runtime-status] [24379] Trigger "api" has been found, beginning invocation! {"metadata":{"emulator":{"name":"functions"},"function":{"name":"api"},"message":"[runtime-status] [24379] Trigger \"api\" has been found, beginning invocation!"}}
[info] i  functions: Beginning execution of "api" {"metadata":{"emulator":{"name":"functions"},"function":{"name":"api"},"message":"Beginning execution of \"api\""}}
[debug] [2021-01-20T08:58:46.027Z] [runtime-status] [24379] triggerDefinition {"httpsTrigger":{},"name":"api","entryPoint":"api"} {"metadata":{"emulator":{"name":"functions"},"function":{"name":"api"},"message":"[runtime-status] [24379] triggerDefinition {\"httpsTrigger\":{},\"name\":\"api\",\"entryPoint\":\"api\"}"}}
[debug] [2021-01-20T08:58:46.027Z] [runtime-status] [24379] Running api in mode HTTPS {"metadata":{"emulator":{"name":"functions"},"function":{"name":"api"},"message":"[runtime-status] [24379] Running api in mode HTTPS"}}
[debug] [2021-01-20T08:58:46.032Z] [runtime-status] [24379] Attempting to listen to socketPath: /tmp/fire_emu_24379.sock {"metadata":{"emulator":{"name":"functions"},"function":{"name":"api"},"message":"[runtime-status] [24379] Attempting to listen to socketPath: /tmp/fire_emu_24379.sock"}}
[debug] [2021-01-20T08:58:46.035Z] [functions] Runtime ready! Sending request! {"metadata":{"emulator":{"name":"functions"},"message":"[functions] Runtime ready! Sending request!"}}
[debug] [2021-01-20T08:58:46.036Z] [functions] Got req.url=/challenge-bf363/us-central1/api/payments/create?total=34995, mapping to path=/payments/create?total=34995 {"metadata":{"emulator":{"name":"functions"},"message":"[functions] Got req.url=/challenge-bf363/us-central1/api/payments/create?total=34995, mapping to path=/payments/create?total=34995"}}
[debug] [2021-01-20T08:58:46.055Z] [runtime-status] [24379] Ephemeral server handling POST request {"metadata":{"emulator":{"name":"functions"},"function":{"name":"api"},"message":"[runtime-status] [24379] Ephemeral server handling POST request"}}
[info] >  Payment request received for this amount>>> 34995 {"user":"Payment request received for this amount>>> 34995","metadata":{"emulator":{"name":"functions"},"function":{"name":"api"},"message":"\u001b[90m> \u001b[39m Payment request received for this amount>>> 34995"}}
[debug] [2021-01-20T08:58:46.066Z] [runtime-status] [24379] Ephemeral server survived. {"metadata":{"emulator":{"name":"functions"},"function":{"name":"api"},"message":"[runtime-status] [24379] Ephemeral server survived."}}
[info] >  /home/gilbertlc/amazon-clone/functions/index.js:23 {"user":"/home/gilbertlc/amazon-clone/functions/index.js:23","metadata":{"emulator":{"name":"functions"},"function":{"name":"api"},"message":"\u001b[90m> \u001b[39m /home/gilbertlc/amazon-clone/functions/index.js:23"}}
[info] >    const paymentIntent = await stripe.paymentIntent.create({ {"user":"  const paymentIntent = await stripe.paymentIntent.create({","metadata":{"emulator":{"name":"functions"},"function":{"name":"api"},"message":"\u001b[90m> \u001b[39m   const paymentIntent = await stripe.paymentIntent.create({"}}
[info] >                                                     ^ {"user":"                                                   ^","metadata":{"emulator":{"name":"functions"},"function":{"name":"api"},"message":"\u001b[90m> \u001b[39m                                                    ^"}}
[info] >   {"user":"","metadata":{"emulator":{"name":"functions"},"function":{"name":"api"},"message":"\u001b[90m> \u001b[39m "}}
[info] >  TypeError: Cannot read property 'create' of undefined {"user":"TypeError: Cannot read property 'create' of undefined","metadata":{"emulator":{"name":"functions"},"function":{"name":"api"},"message":"\u001b[90m> \u001b[39m TypeError: Cannot read property 'create' of undefined"}}
[info] >      at /home/gilbertlc/amazon-clone/functions/index.js:23:52 {"user":"    at /home/gilbertlc/amazon-clone/functions/index.js:23:52","metadata":{"emulator":{"name":"functions"},"function":{"name":"api"},"message":"\u001b[90m> \u001b[39m     at /home/gilbertlc/amazon-clone/functions/index.js:23:52"}}
[info] >      at Layer.handle [as handle_request] (/home/gilbertlc/amazon-clone/functions/node_modules/express/lib/router/layer.js:95:5) {"user":"    at Layer.handle [as handle_request] (/home/gilbertlc/amazon-clone/functions/node_modules/express/lib/router/layer.js:95:5)","metadata":{"emulator":{"name":"functions"},"function":{"name":"api"},"message":"\u001b[90m> \u001b[39m     at Layer.handle [as handle_request] (/home/gilbertlc/amazon-clone/functions/node_modules/express/lib/router/layer.js:95:5)"}}
[info] >      at next (/home/gilbertlc/amazon-clone/functions/node_modules/express/lib/router/route.js:137:13) {"user":"    at next (/home/gilbertlc/amazon-clone/functions/node_modules/express/lib/router/route.js:137:13)","metadata":{"emulator":{"name":"functions"},"function":{"name":"api"},"message":"\u001b[90m> \u001b[39m     at next (/home/gilbertlc/amazon-clone/functions/node_modules/express/lib/router/route.js:137:13)"}}
[info] >      at Route.dispatch (/home/gilbertlc/amazon-clone/functions/node_modules/express/lib/router/route.js:112:3) {"user":"    at Route.dispatch (/home/gilbertlc/amazon-clone/functions/node_modules/express/lib/router/route.js:112:3)","metadata":{"emulator":{"name":"functions"},"function":{"name":"api"},"message":"\u001b[90m> \u001b[39m     at Route.dispatch (/home/gilbertlc/amazon-clone/functions/node_modules/express/lib/router/route.js:112:3)"}}
[info] >      at Layer.handle [as handle_request] (/home/gilbertlc/amazon-clone/functions/node_modules/express/lib/router/layer.js:95:5) {"user":"    at Layer.handle [as handle_request] (/home/gilbertlc/amazon-clone/functions/node_modules/express/lib/router/layer.js:95:5)","metadata":{"emulator":{"name":"functions"},"function":{"name":"api"},"message":"\u001b[90m> \u001b[39m     at Layer.handle [as handle_request] (/home/gilbertlc/amazon-clone/functions/node_modules/express/lib/router/layer.js:95:5)"}}
[info] >      at /home/gilbertlc/amazon-clone/functions/node_modules/express/lib/router/index.js:281:22 {"user":"    at /home/gilbertlc/amazon-clone/functions/node_modules/express/lib/router/index.js:281:22","metadata":{"emulator":{"name":"functions"},"function":{"name":"api"},"message":"\u001b[90m> \u001b[39m     at /home/gilbertlc/amazon-clone/functions/node_modules/express/lib/router/index.js:281:22"}}
[info] >      at Function.process_params (/home/gilbertlc/amazon-clone/functions/node_modules/express/lib/router/index.js:335:12) {"user":"    at Function.process_params (/home/gilbertlc/amazon-clone/functions/node_modules/express/lib/router/index.js:335:12)","metadata":{"emulator":{"name":"functions"},"function":{"name":"api"},"message":"\u001b[90m> \u001b[39m     at Function.process_params (/home/gilbertlc/amazon-clone/functions/node_modules/express/lib/router/index.js:335:12)"}}
[info] >      at next (/home/gilbertlc/amazon-clone/functions/node_modules/express/lib/router/index.js:275:10) {"user":"    at next (/home/gilbertlc/amazon-clone/functions/node_modules/express/lib/router/index.js:275:10)","metadata":{"emulator":{"name":"functions"},"function":{"name":"api"},"message":"\u001b[90m> \u001b[39m     at next (/home/gilbertlc/amazon-clone/functions/node_modules/express/lib/router/index.js:275:10)"}}
[info] >      at jsonParser (/home/gilbertlc/amazon-clone/functions/node_modules/body-parser/lib/types/json.js:119:7) {"user":"    at jsonParser (/home/gilbertlc/amazon-clone/functions/node_modules/body-parser/lib/types/json.js:119:7)","metadata":{"emulator":{"name":"functions"},"function":{"name":"api"},"message":"\u001b[90m> \u001b[39m     at jsonParser (/home/gilbertlc/amazon-clone/functions/node_modules/body-parser/lib/types/json.js:119:7)"}}
[info] >      at Layer.handle [as handle_request] (/home/gilbertlc/amazon-clone/functions/node_modules/express/lib/router/layer.js:95:5) {"user":"    at Layer.handle [as handle_request] (/home/gilbertlc/amazon-clone/functions/node_modules/express/lib/router/layer.js:95:5)","metadata":{"emulator":{"name":"functions"},"function":{"name":"api"},"message":"\u001b[90m> \u001b[39m     at Layer.handle [as handle_request] (/home/gilbertlc/amazon-clone/functions/node_modules/express/lib/router/layer.js:95:5)"}}
[debug] [2021-01-20T08:58:46.090Z] [worker-api-a44fa123-ef6b-4399-8cc9-dfcfd299b527]: exited {"metadata":{"emulator":{"name":"functions"},"message":"[worker-api-a44fa123-ef6b-4399-8cc9-dfcfd299b527]: exited"}}
[debug] [2021-01-20T08:58:46.090Z] [worker-api-a44fa123-ef6b-4399-8cc9-dfcfd299b527]: FINISHED {"metadata":{"emulator":{"name":"functions"},"message":"[worker-api-a44fa123-ef6b-4399-8cc9-dfcfd299b527]: FINISHED"}}
[debug] [2021-01-20T08:58:46.091Z] [work-queue] {"queueLength":0,"workRunningCount":0}
[debug] [2021-01-20T09:03:22.208Z] File /home/gilbertlc/amazon-clone/functions/index.js changed, reloading triggers {"metadata":{"emulator":{"name":"functions"},"message":"File /home/gilbertlc/amazon-clone/functions/index.js changed, reloading triggers"}}
[debug] [2021-01-20T09:03:23.209Z] [worker-pool] Shutting down IDLE worker (~diagnostic~) {"metadata":{"emulator":{"name":"functions"},"message":"[worker-pool] Shutting down IDLE worker (~diagnostic~)"}}
[debug] [2021-01-20T09:03:23.210Z] [worker-~diagnostic~-6f99430b-ff53-40a3-a003-a7401aac9ade]: FINISHING {"metadata":{"emulator":{"name":"functions"},"message":"[worker-~diagnostic~-6f99430b-ff53-40a3-a003-a7401aac9ade]: FINISHING"}}
[debug] [2021-01-20T09:03:23.210Z] [worker-pool] Cleaned up workers for api: 1 --> 0 {"metadata":{"emulator":{"name":"functions"},"message":"[worker-pool] Cleaned up workers for api: 1 --> 0"}}
[debug] [2021-01-20T09:03:23.223Z] [worker-pool] addWorker(~diagnostic~) {"metadata":{"emulator":{"name":"functions"},"message":"[worker-pool] addWorker(~diagnostic~)"}}
[debug] [2021-01-20T09:03:23.223Z] [worker-pool] Adding worker with key ~diagnostic~, total=2 {"metadata":{"emulator":{"name":"functions"},"message":"[worker-pool] Adding worker with key ~diagnostic~, total=2"}}
[debug] [2021-01-20T09:03:23.223Z] [worker-pool] submitWork(triggerId=) {"metadata":{"emulator":{"name":"functions"},"message":"[worker-pool] submitWork(triggerId=)"}}
[debug] [2021-01-20T09:03:23.224Z] [worker-~diagnostic~-94015697-32b4-4475-a476-b4552fbe1c42]: Assigning socketPath: /tmp/fire_emu_24521.sock {"metadata":{"emulator":{"name":"functions"},"message":"[worker-~diagnostic~-94015697-32b4-4475-a476-b4552fbe1c42]: Assigning socketPath: /tmp/fire_emu_24521.sock"}}
[debug] [2021-01-20T09:03:23.224Z] [worker-~diagnostic~-94015697-32b4-4475-a476-b4552fbe1c42]: BUSY {"metadata":{"emulator":{"name":"functions"},"message":"[worker-~diagnostic~-94015697-32b4-4475-a476-b4552fbe1c42]: BUSY"}}
[debug] [2021-01-20T09:03:23.226Z] [worker-~diagnostic~-6f99430b-ff53-40a3-a003-a7401aac9ade]: exited {"metadata":{"emulator":{"name":"functions"},"message":"[worker-~diagnostic~-6f99430b-ff53-40a3-a003-a7401aac9ade]: exited"}}
[debug] [2021-01-20T09:03:23.226Z] [worker-~diagnostic~-6f99430b-ff53-40a3-a003-a7401aac9ade]: FINISHED {"metadata":{"emulator":{"name":"functions"},"message":"[worker-~diagnostic~-6f99430b-ff53-40a3-a003-a7401aac9ade]: FINISHED"}}
[debug] [2021-01-20T09:03:23.398Z] [runtime-status] [24521] Functions runtime initialized. {"cwd":"/home/gilbertlc/amazon-clone/functions","node_version":"15.5.1"} {"metadata":{"emulator":{"name":"functions"},"message":"[runtime-status] [24521] Functions runtime initialized. {\"cwd\":\"/home/gilbertlc/amazon-clone/functions\",\"node_version\":\"15.5.1\"}"}}
[debug] [2021-01-20T09:03:23.400Z] [runtime-status] [24521] Disabled runtime features: undefined {"metadata":{"emulator":{"name":"functions"},"message":"[runtime-status] [24521] Disabled runtime features: undefined"}}
[debug] [2021-01-20T09:03:23.402Z] [runtime-status] [24521] Resolved module firebase-admin {"declared":true,"installed":true,"version":"9.4.2","resolution":"/home/gilbertlc/amazon-clone/functions/node_modules/firebase-admin/lib/index.js"} {"metadata":{"emulator":{"name":"functions"},"message":"[runtime-status] [24521] Resolved module firebase-admin {\"declared\":true,\"installed\":true,\"version\":\"9.4.2\",\"resolution\":\"/home/gilbertlc/amazon-clone/functions/node_modules/firebase-admin/lib/index.js\"}"}}
[debug] [2021-01-20T09:03:23.404Z] [runtime-status] [24521] Resolved module firebase-functions {"declared":true,"installed":true,"version":"3.13.1","resolution":"/home/gilbertlc/amazon-clone/functions/node_modules/firebase-functions/lib/index.js"} {"metadata":{"emulator":{"name":"functions"},"message":"[runtime-status] [24521] Resolved module firebase-functions {\"declared\":true,\"installed\":true,\"version\":\"3.13.1\",\"resolution\":\"/home/gilbertlc/amazon-clone/functions/node_modules/firebase-functions/lib/index.js\"}"}}
[debug] [2021-01-20T09:03:23.405Z] [runtime-status] [24521] Resolved module firebase-functions {"declared":true,"installed":true,"version":"3.13.1","resolution":"/home/gilbertlc/amazon-clone/functions/node_modules/firebase-functions/lib/index.js"} {"metadata":{"emulator":{"name":"functions"},"message":"[runtime-status] [24521] Resolved module firebase-functions {\"declared\":true,\"installed\":true,\"version\":\"3.13.1\",\"resolution\":\"/home/gilbertlc/amazon-clone/functions/node_modules/firebase-functions/lib/index.js\"}"}}
[debug] [2021-01-20T09:03:23.408Z] [runtime-status] [24521] Outgoing network have been stubbed. [{"name":"http","status":"mocked"},{"name":"http","status":"mocked"},{"name":"https","status":"mocked"},{"name":"https","status":"mocked"},{"name":"net","status":"mocked"}] {"metadata":{"emulator":{"name":"functions"},"message":"[runtime-status] [24521] Outgoing network have been stubbed. [{\"name\":\"http\",\"status\":\"mocked\"},{\"name\":\"http\",\"status\":\"mocked\"},{\"name\":\"https\",\"status\":\"mocked\"},{\"name\":\"https\",\"status\":\"mocked\"},{\"name\":\"net\",\"status\":\"mocked\"}]"}}
[debug] [2021-01-20T09:03:23.410Z] [runtime-status] [24521] Resolved module firebase-functions {"declared":true,"installed":true,"version":"3.13.1","resolution":"/home/gilbertlc/amazon-clone/functions/node_modules/firebase-functions/lib/index.js"} {"metadata":{"emulator":{"name":"functions"},"message":"[runtime-status] [24521] Resolved module firebase-functions {\"declared\":true,\"installed\":true,\"version\":\"3.13.1\",\"resolution\":\"/home/gilbertlc/amazon-clone/functions/node_modules/firebase-functions/lib/index.js\"}"}}
[debug] [2021-01-20T09:03:23.458Z] [runtime-status] [24521] Checked functions.config() {"config":{}} {"metadata":{"emulator":{"name":"functions"},"message":"[runtime-status] [24521] Checked functions.config() {\"config\":{}}"}}
[debug] [2021-01-20T09:03:23.458Z] [runtime-status] [24521] firebase-functions has been stubbed. {"functionsResolution":{"declared":true,"installed":true,"version":"3.13.1","resolution":"/home/gilbertlc/amazon-clone/functions/node_modules/firebase-functions/lib/index.js"}} {"metadata":{"emulator":{"name":"functions"},"message":"[runtime-status] [24521] firebase-functions has been stubbed. {\"functionsResolution\":{\"declared\":true,\"installed\":true,\"version\":\"3.13.1\",\"resolution\":\"/home/gilbertlc/amazon-clone/functions/node_modules/firebase-functions/lib/index.js\"}}"}}
[debug] [2021-01-20T09:03:23.459Z] [runtime-status] [24521] Resolved module firebase-functions {"declared":true,"installed":true,"version":"3.13.1","resolution":"/home/gilbertlc/amazon-clone/functions/node_modules/firebase-functions/lib/index.js"} {"metadata":{"emulator":{"name":"functions"},"message":"[runtime-status] [24521] Resolved module firebase-functions {\"declared\":true,\"installed\":true,\"version\":\"3.13.1\",\"resolution\":\"/home/gilbertlc/amazon-clone/functions/node_modules/firebase-functions/lib/index.js\"}"}}
[debug] [2021-01-20T09:03:23.460Z] [runtime-status] [24521] Resolved module firebase-admin {"declared":true,"installed":true,"version":"9.4.2","resolution":"/home/gilbertlc/amazon-clone/functions/node_modules/firebase-admin/lib/index.js"} {"metadata":{"emulator":{"name":"functions"},"message":"[runtime-status] [24521] Resolved module firebase-admin {\"declared\":true,\"installed\":true,\"version\":\"9.4.2\",\"resolution\":\"/home/gilbertlc/amazon-clone/functions/node_modules/firebase-admin/lib/index.js\"}"}}
[debug] [2021-01-20T09:03:23.462Z] [runtime-status] [24521] Resolved module firebase-functions {"declared":true,"installed":true,"version":"3.13.1","resolution":"/home/gilbertlc/amazon-clone/functions/node_modules/firebase-functions/lib/index.js"} {"metadata":{"emulator":{"name":"functions"},"message":"[runtime-status] [24521] Resolved module firebase-functions {\"declared\":true,\"installed\":true,\"version\":\"3.13.1\",\"resolution\":\"/home/gilbertlc/amazon-clone/functions/node_modules/firebase-functions/lib/index.js\"}"}}
[debug] [2021-01-20T09:03:23.462Z] [runtime-status] [24521] firebase-admin has been stubbed. {"adminResolution":{"declared":true,"installed":true,"version":"9.4.2","resolution":"/home/gilbertlc/amazon-clone/functions/node_modules/firebase-admin/lib/index.js"}} {"metadata":{"emulator":{"name":"functions"},"message":"[runtime-status] [24521] firebase-admin has been stubbed. {\"adminResolution\":{\"declared\":true,\"installed\":true,\"version\":\"9.4.2\",\"resolution\":\"/home/gilbertlc/amazon-clone/functions/node_modules/firebase-admin/lib/index.js\"}}"}}
[debug] [2021-01-20T09:03:23.583Z] [worker-~diagnostic~-94015697-32b4-4475-a476-b4552fbe1c42]: IDLE {"metadata":{"emulator":{"name":"functions"},"message":"[worker-~diagnostic~-94015697-32b4-4475-a476-b4552fbe1c42]: IDLE"}}
[debug] [2021-01-20T09:08:39.606Z] File /home/gilbertlc/amazon-clone/functions/index.js changed, reloading triggers {"metadata":{"emulator":{"name":"functions"},"message":"File /home/gilbertlc/amazon-clone/functions/index.js changed, reloading triggers"}}
[debug] [2021-01-20T09:08:40.607Z] [worker-pool] Shutting down IDLE worker (~diagnostic~) {"metadata":{"emulator":{"name":"functions"},"message":"[worker-pool] Shutting down IDLE worker (~diagnostic~)"}}
[debug] [2021-01-20T09:08:40.608Z] [worker-~diagnostic~-94015697-32b4-4475-a476-b4552fbe1c42]: FINISHING {"metadata":{"emulator":{"name":"functions"},"message":"[worker-~diagnostic~-94015697-32b4-4475-a476-b4552fbe1c42]: FINISHING"}}
[debug] [2021-01-20T09:08:40.608Z] [worker-pool] Cleaned up workers for ~diagnostic~: 2 --> 1 {"metadata":{"emulator":{"name":"functions"},"message":"[worker-pool] Cleaned up workers for ~diagnostic~: 2 --> 1"}}
[debug] [2021-01-20T09:08:40.679Z] [worker-pool] addWorker(~diagnostic~) {"metadata":{"emulator":{"name":"functions"},"message":"[worker-pool] addWorker(~diagnostic~)"}}
[debug] [2021-01-20T09:08:40.679Z] [worker-pool] Adding worker with key ~diagnostic~, total=2 {"metadata":{"emulator":{"name":"functions"},"message":"[worker-pool] Adding worker with key ~diagnostic~, total=2"}}
[debug] [2021-01-20T09:08:40.679Z] [worker-pool] submitWork(triggerId=) {"metadata":{"emulator":{"name":"functions"},"message":"[worker-pool] submitWork(triggerId=)"}}
[debug] [2021-01-20T09:08:40.680Z] [worker-~diagnostic~-89566484-b1c9-4a9f-949b-1c1af69dbea8]: Assigning socketPath: /tmp/fire_emu_24788.sock {"metadata":{"emulator":{"name":"functions"},"message":"[worker-~diagnostic~-89566484-b1c9-4a9f-949b-1c1af69dbea8]: Assigning socketPath: /tmp/fire_emu_24788.sock"}}
[debug] [2021-01-20T09:08:40.680Z] [worker-~diagnostic~-89566484-b1c9-4a9f-949b-1c1af69dbea8]: BUSY {"metadata":{"emulator":{"name":"functions"},"message":"[worker-~diagnostic~-89566484-b1c9-4a9f-949b-1c1af69dbea8]: BUSY"}}
[debug] [2021-01-20T09:08:40.682Z] [worker-~diagnostic~-94015697-32b4-4475-a476-b4552fbe1c42]: exited {"metadata":{"emulator":{"name":"functions"},"message":"[worker-~diagnostic~-94015697-32b4-4475-a476-b4552fbe1c42]: exited"}}
[debug] [2021-01-20T09:08:40.682Z] [worker-~diagnostic~-94015697-32b4-4475-a476-b4552fbe1c42]: FINISHED {"metadata":{"emulator":{"name":"functions"},"message":"[worker-~diagnostic~-94015697-32b4-4475-a476-b4552fbe1c42]: FINISHED"}}
[debug] [2021-01-20T09:08:41.271Z] [runtime-status] [24788] Functions runtime initialized. {"cwd":"/home/gilbertlc/amazon-clone/functions","node_version":"15.5.1"} {"metadata":{"emulator":{"name":"functions"},"message":"[runtime-status] [24788] Functions runtime initialized. {\"cwd\":\"/home/gilbertlc/amazon-clone/functions\",\"node_version\":\"15.5.1\"}"}}
[debug] [2021-01-20T09:08:41.274Z] [runtime-status] [24788] Disabled runtime features: undefined {"metadata":{"emulator":{"name":"functions"},"message":"[runtime-status] [24788] Disabled runtime features: undefined"}}
[debug] [2021-01-20T09:08:41.320Z] [runtime-status] [24788] Resolved module firebase-admin {"declared":true,"installed":true,"version":"9.4.2","resolution":"/home/gilbertlc/amazon-clone/functions/node_modules/firebase-admin/lib/index.js"} {"metadata":{"emulator":{"name":"functions"},"message":"[runtime-status] [24788] Resolved module firebase-admin {\"declared\":true,\"installed\":true,\"version\":\"9.4.2\",\"resolution\":\"/home/gilbertlc/amazon-clone/functions/node_modules/firebase-admin/lib/index.js\"}"}}
[debug] [2021-01-20T09:08:41.340Z] [runtime-status] [24788] Resolved module firebase-functions {"declared":true,"installed":true,"version":"3.13.1","resolution":"/home/gilbertlc/amazon-clone/functions/node_modules/firebase-functions/lib/index.js"} {"metadata":{"emulator":{"name":"functions"},"message":"[runtime-status] [24788] Resolved module firebase-functions {\"declared\":true,\"installed\":true,\"version\":\"3.13.1\",\"resolution\":\"/home/gilbertlc/amazon-clone/functions/node_modules/firebase-functions/lib/index.js\"}"}}
[debug] [2021-01-20T09:08:41.355Z] [runtime-status] [24788] Resolved module firebase-functions {"declared":true,"installed":true,"version":"3.13.1","resolution":"/home/gilbertlc/amazon-clone/functions/node_modules/firebase-functions/lib/index.js"} {"metadata":{"emulator":{"name":"functions"},"message":"[runtime-status] [24788] Resolved module firebase-functions {\"declared\":true,\"installed\":true,\"version\":\"3.13.1\",\"resolution\":\"/home/gilbertlc/amazon-clone/functions/node_modules/firebase-functions/lib/index.js\"}"}}
[debug] [2021-01-20T09:08:41.358Z] [runtime-status] [24788] Outgoing network have been stubbed. [{"name":"http","status":"mocked"},{"name":"http","status":"mocked"},{"name":"https","status":"mocked"},{"name":"https","status":"mocked"},{"name":"net","status":"mocked"}] {"metadata":{"emulator":{"name":"functions"},"message":"[runtime-status] [24788] Outgoing network have been stubbed. [{\"name\":\"http\",\"status\":\"mocked\"},{\"name\":\"http\",\"status\":\"mocked\"},{\"name\":\"https\",\"status\":\"mocked\"},{\"name\":\"https\",\"status\":\"mocked\"},{\"name\":\"net\",\"status\":\"mocked\"}]"}}
[debug] [2021-01-20T09:08:41.359Z] [runtime-status] [24788] Resolved module firebase-functions {"declared":true,"installed":true,"version":"3.13.1","resolution":"/home/gilbertlc/amazon-clone/functions/node_modules/firebase-functions/lib/index.js"} {"metadata":{"emulator":{"name":"functions"},"message":"[runtime-status] [24788] Resolved module firebase-functions {\"declared\":true,\"installed\":true,\"version\":\"3.13.1\",\"resolution\":\"/home/gilbertlc/amazon-clone/functions/node_modules/firebase-functions/lib/index.js\"}"}}
[debug] [2021-01-20T09:08:41.512Z] [runtime-status] [24788] Checked functions.config() {"config":{}} {"metadata":{"emulator":{"name":"functions"},"message":"[runtime-status] [24788] Checked functions.config() {\"config\":{}}"}}
[debug] [2021-01-20T09:08:41.512Z] [runtime-status] [24788] firebase-functions has been stubbed. {"functionsResolution":{"declared":true,"installed":true,"version":"3.13.1","resolution":"/home/gilbertlc/amazon-clone/functions/node_modules/firebase-functions/lib/index.js"}} {"metadata":{"emulator":{"name":"functions"},"message":"[runtime-status] [24788] firebase-functions has been stubbed. {\"functionsResolution\":{\"declared\":true,\"installed\":true,\"version\":\"3.13.1\",\"resolution\":\"/home/gilbertlc/amazon-clone/functions/node_modules/firebase-functions/lib/index.js\"}}"}}
[debug] [2021-01-20T09:08:41.513Z] [runtime-status] [24788] Resolved module firebase-functions {"declared":true,"installed":true,"version":"3.13.1","resolution":"/home/gilbertlc/amazon-clone/functions/node_modules/firebase-functions/lib/index.js"} {"metadata":{"emulator":{"name":"functions"},"message":"[runtime-status] [24788] Resolved module firebase-functions {\"declared\":true,\"installed\":true,\"version\":\"3.13.1\",\"resolution\":\"/home/gilbertlc/amazon-clone/functions/node_modules/firebase-functions/lib/index.js\"}"}}
[debug] [2021-01-20T09:08:41.515Z] [runtime-status] [24788] Resolved module firebase-admin {"declared":true,"installed":true,"version":"9.4.2","resolution":"/home/gilbertlc/amazon-clone/functions/node_modules/firebase-admin/lib/index.js"} {"metadata":{"emulator":{"name":"functions"},"message":"[runtime-status] [24788] Resolved module firebase-admin {\"declared\":true,\"installed\":true,\"version\":\"9.4.2\",\"resolution\":\"/home/gilbertlc/amazon-clone/functions/node_modules/firebase-admin/lib/index.js\"}"}}
[debug] [2021-01-20T09:08:41.516Z] [runtime-status] [24788] Resolved module firebase-functions {"declared":true,"installed":true,"version":"3.13.1","resolution":"/home/gilbertlc/amazon-clone/functions/node_modules/firebase-functions/lib/index.js"} {"metadata":{"emulator":{"name":"functions"},"message":"[runtime-status] [24788] Resolved module firebase-functions {\"declared\":true,\"installed\":true,\"version\":\"3.13.1\",\"resolution\":\"/home/gilbertlc/amazon-clone/functions/node_modules/firebase-functions/lib/index.js\"}"}}
[debug] [2021-01-20T09:08:41.516Z] [runtime-status] [24788] firebase-admin has been stubbed. {"adminResolution":{"declared":true,"installed":true,"version":"9.4.2","resolution":"/home/gilbertlc/amazon-clone/functions/node_modules/firebase-admin/lib/index.js"}} {"metadata":{"emulator":{"name":"functions"},"message":"[runtime-status] [24788] firebase-admin has been stubbed. {\"adminResolution\":{\"declared\":true,\"installed\":true,\"version\":\"9.4.2\",\"resolution\":\"/home/gilbertlc/amazon-clone/functions/node_modules/firebase-admin/lib/index.js\"}}"}}
[debug] [2021-01-20T09:08:41.640Z] [worker-~diagnostic~-89566484-b1c9-4a9f-949b-1c1af69dbea8]: IDLE {"metadata":{"emulator":{"name":"functions"},"message":"[worker-~diagnostic~-89566484-b1c9-4a9f-949b-1c1af69dbea8]: IDLE"}}
[debug] [2021-01-20T09:08:52.401Z] [work-queue] {"queueLength":1,"workRunningCount":0}
[debug] [2021-01-20T09:08:52.401Z] [work-queue] {"queueLength":0,"workRunningCount":1}
[debug] [2021-01-20T09:08:52.402Z] Accepted request POST /challenge-bf363/us-central1/api/payments/create?total=36191 --> api
[debug] [2021-01-20T09:08:52.402Z] [worker-pool] Cleaned up workers for ~diagnostic~: 2 --> 1 {"metadata":{"emulator":{"name":"functions"},"message":"[worker-pool] Cleaned up workers for ~diagnostic~: 2 --> 1"}}
[debug] [2021-01-20T09:08:52.415Z] [worker-pool] addWorker(api) {"metadata":{"emulator":{"name":"functions"},"message":"[worker-pool] addWorker(api)"}}
[debug] [2021-01-20T09:08:52.415Z] [worker-pool] Adding worker with key api, total=1 {"metadata":{"emulator":{"name":"functions"},"message":"[worker-pool] Adding worker with key api, total=1"}}
[debug] [2021-01-20T09:08:52.416Z] [worker-pool] submitWork(triggerId=api) {"metadata":{"emulator":{"name":"functions"},"message":"[worker-pool] submitWork(triggerId=api)"}}
[debug] [2021-01-20T09:08:52.416Z] [worker-api-8a135cf7-eecc-4eb0-9b59-9b65024a1712]: Assigning socketPath: /tmp/fire_emu_24812.sock {"metadata":{"emulator":{"name":"functions"},"message":"[worker-api-8a135cf7-eecc-4eb0-9b59-9b65024a1712]: Assigning socketPath: /tmp/fire_emu_24812.sock"}}
[debug] [2021-01-20T09:08:52.416Z] [worker-api-8a135cf7-eecc-4eb0-9b59-9b65024a1712]: BUSY {"metadata":{"emulator":{"name":"functions"},"message":"[worker-api-8a135cf7-eecc-4eb0-9b59-9b65024a1712]: BUSY"}}
[debug] [2021-01-20T09:08:52.612Z] [runtime-status] [24812] Functions runtime initialized. {"cwd":"/home/gilbertlc/amazon-clone/functions","node_version":"15.5.1"} {"metadata":{"emulator":{"name":"functions"},"function":{"name":"api"},"message":"[runtime-status] [24812] Functions runtime initialized. {\"cwd\":\"/home/gilbertlc/amazon-clone/functions\",\"node_version\":\"15.5.1\"}"}}
[debug] [2021-01-20T09:08:52.614Z] [runtime-status] [24812] Disabled runtime features: undefined {"metadata":{"emulator":{"name":"functions"},"function":{"name":"api"},"message":"[runtime-status] [24812] Disabled runtime features: undefined"}}
[debug] [2021-01-20T09:08:52.617Z] [runtime-status] [24812] Resolved module firebase-admin {"declared":true,"installed":true,"version":"9.4.2","resolution":"/home/gilbertlc/amazon-clone/functions/node_modules/firebase-admin/lib/index.js"} {"metadata":{"emulator":{"name":"functions"},"function":{"name":"api"},"message":"[runtime-status] [24812] Resolved module firebase-admin {\"declared\":true,\"installed\":true,\"version\":\"9.4.2\",\"resolution\":\"/home/gilbertlc/amazon-clone/functions/node_modules/firebase-admin/lib/index.js\"}"}}
[debug] [2021-01-20T09:08:52.618Z] [runtime-status] [24812] Resolved module firebase-functions {"declared":true,"installed":true,"version":"3.13.1","resolution":"/home/gilbertlc/amazon-clone/functions/node_modules/firebase-functions/lib/index.js"} {"metadata":{"emulator":{"name":"functions"},"function":{"name":"api"},"message":"[runtime-status] [24812] Resolved module firebase-functions {\"declared\":true,\"installed\":true,\"version\":\"3.13.1\",\"resolution\":\"/home/gilbertlc/amazon-clone/functions/node_modules/firebase-functions/lib/index.js\"}"}}
[debug] [2021-01-20T09:08:52.620Z] [runtime-status] [24812] Resolved module firebase-functions {"declared":true,"installed":true,"version":"3.13.1","resolution":"/home/gilbertlc/amazon-clone/functions/node_modules/firebase-functions/lib/index.js"} {"metadata":{"emulator":{"name":"functions"},"function":{"name":"api"},"message":"[runtime-status] [24812] Resolved module firebase-functions {\"declared\":true,\"installed\":true,\"version\":\"3.13.1\",\"resolution\":\"/home/gilbertlc/amazon-clone/functions/node_modules/firebase-functions/lib/index.js\"}"}}
[debug] [2021-01-20T09:08:52.624Z] [runtime-status] [24812] Outgoing network have been stubbed. [{"name":"http","status":"mocked"},{"name":"http","status":"mocked"},{"name":"https","status":"mocked"},{"name":"https","status":"mocked"},{"name":"net","status":"mocked"}] {"metadata":{"emulator":{"name":"functions"},"function":{"name":"api"},"message":"[runtime-status] [24812] Outgoing network have been stubbed. [{\"name\":\"http\",\"status\":\"mocked\"},{\"name\":\"http\",\"status\":\"mocked\"},{\"name\":\"https\",\"status\":\"mocked\"},{\"name\":\"https\",\"status\":\"mocked\"},{\"name\":\"net\",\"status\":\"mocked\"}]"}}
[debug] [2021-01-20T09:08:52.624Z] [runtime-status] [24812] Resolved module firebase-functions {"declared":true,"installed":true,"version":"3.13.1","resolution":"/home/gilbertlc/amazon-clone/functions/node_modules/firebase-functions/lib/index.js"} {"metadata":{"emulator":{"name":"functions"},"function":{"name":"api"},"message":"[runtime-status] [24812] Resolved module firebase-functions {\"declared\":true,\"installed\":true,\"version\":\"3.13.1\",\"resolution\":\"/home/gilbertlc/amazon-clone/functions/node_modules/firebase-functions/lib/index.js\"}"}}
[debug] [2021-01-20T09:08:52.676Z] [runtime-status] [24812] Checked functions.config() {"config":{}} {"metadata":{"emulator":{"name":"functions"},"function":{"name":"api"},"message":"[runtime-status] [24812] Checked functions.config() {\"config\":{}}"}}
[debug] [2021-01-20T09:08:52.677Z] [runtime-status] [24812] firebase-functions has been stubbed. {"functionsResolution":{"declared":true,"installed":true,"version":"3.13.1","resolution":"/home/gilbertlc/amazon-clone/functions/node_modules/firebase-functions/lib/index.js"}} {"metadata":{"emulator":{"name":"functions"},"function":{"name":"api"},"message":"[runtime-status] [24812] firebase-functions has been stubbed. {\"functionsResolution\":{\"declared\":true,\"installed\":true,\"version\":\"3.13.1\",\"resolution\":\"/home/gilbertlc/amazon-clone/functions/node_modules/firebase-functions/lib/index.js\"}}"}}
[debug] [2021-01-20T09:08:52.677Z] [runtime-status] [24812] Resolved module firebase-functions {"declared":true,"installed":true,"version":"3.13.1","resolution":"/home/gilbertlc/amazon-clone/functions/node_modules/firebase-functions/lib/index.js"} {"metadata":{"emulator":{"name":"functions"},"function":{"name":"api"},"message":"[runtime-status] [24812] Resolved module firebase-functions {\"declared\":true,\"installed\":true,\"version\":\"3.13.1\",\"resolution\":\"/home/gilbertlc/amazon-clone/functions/node_modules/firebase-functions/lib/index.js\"}"}}
[debug] [2021-01-20T09:08:52.679Z] [runtime-status] [24812] Resolved module firebase-admin {"declared":true,"installed":true,"version":"9.4.2","resolution":"/home/gilbertlc/amazon-clone/functions/node_modules/firebase-admin/lib/index.js"} {"metadata":{"emulator":{"name":"functions"},"function":{"name":"api"},"message":"[runtime-status] [24812] Resolved module firebase-admin {\"declared\":true,\"installed\":true,\"version\":\"9.4.2\",\"resolution\":\"/home/gilbertlc/amazon-clone/functions/node_modules/firebase-admin/lib/index.js\"}"}}
[debug] [2021-01-20T09:08:52.681Z] [runtime-status] [24812] Resolved module firebase-functions {"declared":true,"installed":true,"version":"3.13.1","resolution":"/home/gilbertlc/amazon-clone/functions/node_modules/firebase-functions/lib/index.js"} {"metadata":{"emulator":{"name":"functions"},"function":{"name":"api"},"message":"[runtime-status] [24812] Resolved module firebase-functions {\"declared\":true,\"installed\":true,\"version\":\"3.13.1\",\"resolution\":\"/home/gilbertlc/amazon-clone/functions/node_modules/firebase-functions/lib/index.js\"}"}}
[debug] [2021-01-20T09:08:52.681Z] [runtime-status] [24812] firebase-admin has been stubbed. {"adminResolution":{"declared":true,"installed":true,"version":"9.4.2","resolution":"/home/gilbertlc/amazon-clone/functions/node_modules/firebase-admin/lib/index.js"}} {"metadata":{"emulator":{"name":"functions"},"function":{"name":"api"},"message":"[runtime-status] [24812] firebase-admin has been stubbed. {\"adminResolution\":{\"declared\":true,\"installed\":true,\"version\":\"9.4.2\",\"resolution\":\"/home/gilbertlc/amazon-clone/functions/node_modules/firebase-admin/lib/index.js\"}}"}}
[debug] [2021-01-20T09:08:52.807Z] [runtime-status] [24812] Trigger "api" has been found, beginning invocation! {"metadata":{"emulator":{"name":"functions"},"function":{"name":"api"},"message":"[runtime-status] [24812] Trigger \"api\" has been found, beginning invocation!"}}
[info] i  functions: Beginning execution of "api" {"metadata":{"emulator":{"name":"functions"},"function":{"name":"api"},"message":"Beginning execution of \"api\""}}
[debug] [2021-01-20T09:08:52.809Z] [runtime-status] [24812] triggerDefinition {"httpsTrigger":{},"name":"api","entryPoint":"api"} {"metadata":{"emulator":{"name":"functions"},"function":{"name":"api"},"message":"[runtime-status] [24812] triggerDefinition {\"httpsTrigger\":{},\"name\":\"api\",\"entryPoint\":\"api\"}"}}
[debug] [2021-01-20T09:08:52.809Z] [runtime-status] [24812] Running api in mode HTTPS {"metadata":{"emulator":{"name":"functions"},"function":{"name":"api"},"message":"[runtime-status] [24812] Running api in mode HTTPS"}}
[debug] [2021-01-20T09:08:52.813Z] [runtime-status] [24812] Attempting to listen to socketPath: /tmp/fire_emu_24812.sock {"metadata":{"emulator":{"name":"functions"},"function":{"name":"api"},"message":"[runtime-status] [24812] Attempting to listen to socketPath: /tmp/fire_emu_24812.sock"}}
[debug] [2021-01-20T09:08:52.816Z] [functions] Runtime ready! Sending request! {"metadata":{"emulator":{"name":"functions"},"message":"[functions] Runtime ready! Sending request!"}}
[debug] [2021-01-20T09:08:52.817Z] [functions] Got req.url=/challenge-bf363/us-central1/api/payments/create?total=36191, mapping to path=/payments/create?total=36191 {"metadata":{"emulator":{"name":"functions"},"message":"[functions] Got req.url=/challenge-bf363/us-central1/api/payments/create?total=36191, mapping to path=/payments/create?total=36191"}}
[debug] [2021-01-20T09:08:52.857Z] [runtime-status] [24812] Ephemeral server handling POST request {"metadata":{"emulator":{"name":"functions"},"function":{"name":"api"},"message":"[runtime-status] [24812] Ephemeral server handling POST request"}}
[info] >  Payment request received for this amount>>> 36191 {"user":"Payment request received for this amount>>> 36191","metadata":{"emulator":{"name":"functions"},"function":{"name":"api"},"message":"\u001b[90m> \u001b[39m Payment request received for this amount>>> 36191"}}
[debug] [2021-01-20T09:08:52.898Z] [runtime-status] [24812] Ephemeral server survived. {"metadata":{"emulator":{"name":"functions"},"function":{"name":"api"},"message":"[runtime-status] [24812] Ephemeral server survived."}}
[info] i  functions: Finished "api" in ~1s {"metadata":{"emulator":{"name":"functions"},"function":{"name":"api"},"message":"Finished \"api\" in ~1s"}}
[debug] [2021-01-20T09:08:54.211Z] [worker-api-8a135cf7-eecc-4eb0-9b59-9b65024a1712]: IDLE {"metadata":{"emulator":{"name":"functions"},"message":"[worker-api-8a135cf7-eecc-4eb0-9b59-9b65024a1712]: IDLE"}}
[debug] [2021-01-20T09:08:54.212Z] [work-queue] {"queueLength":0,"workRunningCount":0}
